2024-06-16T00:08:52.313+05:30  INFO 14968 --- [Employee-Management-Portal] [main] EmployeeManagementPortalApplicationTests : Starting EmployeeManagementPortalApplicationTests using Java 17.0.10 with PID 14968 (started by LEGION in C:\Users\LEGION\Desktop\github_final\Capastone_Project_Employee_Management_Portal\Employee-Management-Portal)
2024-06-16T00:08:52.323+05:30  INFO 14968 --- [Employee-Management-Portal] [main] EmployeeManagementPortalApplicationTests : No active profile set, falling back to 1 default profile: "default"
2024-06-16T00:08:53.745+05:30  INFO 14968 --- [Employee-Management-Portal] [main] .s.d.r.c.RepositoryConfigurationDelegate : Bootstrapping Spring Data JPA repositories in DEFAULT mode.
2024-06-16T00:08:53.857+05:30  INFO 14968 --- [Employee-Management-Portal] [main] .s.d.r.c.RepositoryConfigurationDelegate : Finished Spring Data repository scanning in 85 ms. Found 4 JPA repository interfaces.
2024-06-16T00:08:54.514+05:30  INFO 14968 --- [Employee-Management-Portal] [main] o.hibernate.jpa.internal.util.LogHelper  : HHH000204: Processing PersistenceUnitInfo [name: default]
2024-06-16T00:08:54.607+05:30  INFO 14968 --- [Employee-Management-Portal] [main] org.hibernate.Version                    : HHH000412: Hibernate ORM core version 6.4.4.Final
2024-06-16T00:08:54.678+05:30  INFO 14968 --- [Employee-Management-Portal] [main] o.h.c.internal.RegionFactoryInitiator    : HHH000026: Second-level cache disabled
2024-06-16T00:08:54.842+05:30  INFO 14968 --- [Employee-Management-Portal] [main] o.s.o.j.p.SpringPersistenceUnitInfo      : No LoadTimeWeaver setup: ignoring JPA class transformer
2024-06-16T00:08:54.870+05:30  INFO 14968 --- [Employee-Management-Portal] [main] com.zaxxer.hikari.HikariDataSource       : HikariPool-1 - Starting...
2024-06-16T00:08:55.112+05:30  INFO 14968 --- [Employee-Management-Portal] [main] com.zaxxer.hikari.pool.HikariPool        : HikariPool-1 - Added connection org.postgresql.jdbc.PgConnection@122a6078
2024-06-16T00:08:55.114+05:30  INFO 14968 --- [Employee-Management-Portal] [main] com.zaxxer.hikari.HikariDataSource       : HikariPool-1 - Start completed.
2024-06-16T00:08:56.319+05:30  INFO 14968 --- [Employee-Management-Portal] [main] o.h.e.t.j.p.i.JtaPlatformInitiator       : HHH000489: No JTA platform available (set 'hibernate.transaction.jta.platform' to enable JTA platform integration)
2024-06-16T00:08:56.426+05:30  INFO 14968 --- [Employee-Management-Portal] [main] j.LocalContainerEntityManagerFactoryBean : Initialized JPA EntityManagerFactory for persistence unit 'default'
2024-06-16T00:08:57.021+05:30  WARN 14968 --- [Employee-Management-Portal] [main] JpaBaseConfiguration$JpaWebConfiguration : spring.jpa.open-in-view is enabled by default. Therefore, database queries may be performed during view rendering. Explicitly configure spring.jpa.open-in-view to disable this warning
2024-06-16T00:08:57.343+05:30  INFO 14968 --- [Employee-Management-Portal] [main] o.s.s.web.DefaultSecurityFilterChain     : Will secure any request with [org.springframework.security.web.session.DisableEncodeUrlFilter@3015fc1b, org.springframework.security.web.context.request.async.WebAsyncManagerIntegrationFilter@4db65fac, org.springframework.security.web.context.SecurityContextHolderFilter@16adf66f, org.springframework.security.web.header.HeaderWriterFilter@13b52853, org.springframework.web.filter.CorsFilter@3d7c76af, org.springframework.security.web.authentication.logout.LogoutFilter@661fe6c4, com.employee.Employee.Management.Portal.config.JwtTokenValidator@5cfadadc, org.springframework.security.web.savedrequest.RequestCacheAwareFilter@24f1d4f3, org.springframework.security.web.servletapi.SecurityContextHolderAwareRequestFilter@7fa1c05f, org.springframework.security.web.authentication.AnonymousAuthenticationFilter@4310007c, org.springframework.security.web.session.SessionManagementFilter@1a2d02d8, org.springframework.security.web.access.ExceptionTranslationFilter@2bfe51d5, org.springframework.security.web.access.intercept.AuthorizationFilter@79009bde]
2024-06-16T00:08:57.666+05:30  INFO 14968 --- [Employee-Management-Portal] [main] o.s.b.t.m.w.SpringBootMockServletContext : Initializing Spring TestDispatcherServlet ''
2024-06-16T00:08:57.666+05:30  INFO 14968 --- [Employee-Management-Portal] [main] o.s.t.web.servlet.TestDispatcherServlet  : Initializing Servlet ''
2024-06-16T00:08:57.667+05:30  INFO 14968 --- [Employee-Management-Portal] [main] o.s.t.web.servlet.TestDispatcherServlet  : Completed initialization in 1 ms
2024-06-16T00:08:57.693+05:30  INFO 14968 --- [Employee-Management-Portal] [main] EmployeeManagementPortalApplicationTests : Started EmployeeManagementPortalApplicationTests in 5.979 seconds (process running for 11.981)
2024-06-16T00:08:58.708+05:30  INFO 14968 --- [Employee-Management-Portal] [main] o.s.mock.web.MockServletContext          : Initializing Spring TestDispatcherServlet ''
2024-06-16T00:08:58.708+05:30  INFO 14968 --- [Employee-Management-Portal] [main] o.s.t.web.servlet.TestDispatcherServlet  : Initializing Servlet ''
2024-06-16T00:08:58.709+05:30  INFO 14968 --- [Employee-Management-Portal] [main] o.s.t.web.servlet.TestDispatcherServlet  : Completed initialization in 1 ms
2024-06-16T00:08:58.712+05:30  INFO 14968 --- [Employee-Management-Portal] [main] c.e.E.M.P.controller.RegisterController  : Started register controller
2024-06-16T00:08:58.713+05:30  INFO 14968 --- [Employee-Management-Portal] [main] c.e.E.M.P.controller.RegisterController  : Ended register controller
2024-06-16T00:08:58.815+05:30  INFO 14968 --- [Employee-Management-Portal] [main] t.c.s.AnnotationConfigContextLoaderUtils : Could not detect default configuration classes for test class [com.employee.Employee.Management.Portal.controller.AdminControllerTest]: AdminControllerTest does not declare any static, non-private, non-final, nested classes annotated with @Configuration.
2024-06-16T00:08:58.835+05:30  INFO 14968 --- [Employee-Management-Portal] [main] .b.t.c.SpringBootTestContextBootstrapper : Found @SpringBootConfiguration com.employee.Employee.Management.Portal.EmployeeManagementPortalApplication for test class com.employee.Employee.Management.Portal.controller.AdminControllerTest
2024-06-16T00:08:58.840+05:30  INFO 14968 --- [Employee-Management-Portal] [main] o.s.b.d.r.RestartApplicationListener     : Restart disabled due to context in which it is running
2024-06-16T00:08:58.873+05:30  INFO 14968 --- [Employee-Management-Portal] [main] c.e.E.M.P.c.AdminControllerTest          : Starting AdminControllerTest using Java 17.0.10 with PID 14968 (started by LEGION in C:\Users\LEGION\Desktop\github_final\Capastone_Project_Employee_Management_Portal\Employee-Management-Portal)
2024-06-16T00:08:58.874+05:30  INFO 14968 --- [Employee-Management-Portal] [main] c.e.E.M.P.c.AdminControllerTest          : No active profile set, falling back to 1 default profile: "default"
2024-06-16T00:08:59.056+05:30  INFO 14968 --- [Employee-Management-Portal] [main] .s.d.r.c.RepositoryConfigurationDelegate : Bootstrapping Spring Data JPA repositories in DEFAULT mode.
2024-06-16T00:08:59.074+05:30  INFO 14968 --- [Employee-Management-Portal] [main] .s.d.r.c.RepositoryConfigurationDelegate : Finished Spring Data repository scanning in 17 ms. Found 4 JPA repository interfaces.
2024-06-16T00:08:59.231+05:30  INFO 14968 --- [Employee-Management-Portal] [main] o.hibernate.jpa.internal.util.LogHelper  : HHH000204: Processing PersistenceUnitInfo [name: default]
2024-06-16T00:08:59.234+05:30  INFO 14968 --- [Employee-Management-Portal] [main] o.h.c.internal.RegionFactoryInitiator    : HHH000026: Second-level cache disabled
2024-06-16T00:08:59.239+05:30  INFO 14968 --- [Employee-Management-Portal] [main] o.s.o.j.p.SpringPersistenceUnitInfo      : No LoadTimeWeaver setup: ignoring JPA class transformer
2024-06-16T00:08:59.240+05:30  INFO 14968 --- [Employee-Management-Portal] [main] com.zaxxer.hikari.HikariDataSource       : HikariPool-2 - Starting...
2024-06-16T00:08:59.289+05:30  INFO 14968 --- [Employee-Management-Portal] [main] com.zaxxer.hikari.pool.HikariPool        : HikariPool-2 - Added connection org.postgresql.jdbc.PgConnection@5b58b11f
2024-06-16T00:08:59.289+05:30  INFO 14968 --- [Employee-Management-Portal] [main] com.zaxxer.hikari.HikariDataSource       : HikariPool-2 - Start completed.
2024-06-16T00:08:59.413+05:30  INFO 14968 --- [Employee-Management-Portal] [main] o.h.e.t.j.p.i.JtaPlatformInitiator       : HHH000489: No JTA platform available (set 'hibernate.transaction.jta.platform' to enable JTA platform integration)
2024-06-16T00:08:59.496+05:30  INFO 14968 --- [Employee-Management-Portal] [main] j.LocalContainerEntityManagerFactoryBean : Initialized JPA EntityManagerFactory for persistence unit 'default'
2024-06-16T00:08:59.567+05:30  WARN 14968 --- [Employee-Management-Portal] [main] JpaBaseConfiguration$JpaWebConfiguration : spring.jpa.open-in-view is enabled by default. Therefore, database queries may be performed during view rendering. Explicitly configure spring.jpa.open-in-view to disable this warning
2024-06-16T00:08:59.670+05:30  INFO 14968 --- [Employee-Management-Portal] [main] o.s.s.web.DefaultSecurityFilterChain     : Will secure any request with [org.springframework.security.web.session.DisableEncodeUrlFilter@7f3964b0, org.springframework.security.web.context.request.async.WebAsyncManagerIntegrationFilter@438cb294, org.springframework.security.web.context.SecurityContextHolderFilter@368814bb, org.springframework.security.web.header.HeaderWriterFilter@7335164e, org.springframework.web.filter.CorsFilter@42ef0b7c, org.springframework.security.web.authentication.logout.LogoutFilter@564d5883, com.employee.Employee.Management.Portal.config.JwtTokenValidator@94af25, org.springframework.security.web.savedrequest.RequestCacheAwareFilter@71d85b53, org.springframework.security.web.servletapi.SecurityContextHolderAwareRequestFilter@2a04a440, org.springframework.security.web.authentication.AnonymousAuthenticationFilter@34bc5763, org.springframework.security.web.session.SessionManagementFilter@563b9462, org.springframework.security.web.access.ExceptionTranslationFilter@60a4f677, org.springframework.security.web.access.intercept.AuthorizationFilter@6ad51d91]
2024-06-16T00:08:59.764+05:30  INFO 14968 --- [Employee-Management-Portal] [main] o.s.b.t.m.w.SpringBootMockServletContext : Initializing Spring TestDispatcherServlet ''
2024-06-16T00:08:59.764+05:30  INFO 14968 --- [Employee-Management-Portal] [main] o.s.t.web.servlet.TestDispatcherServlet  : Initializing Servlet ''
2024-06-16T00:08:59.765+05:30  INFO 14968 --- [Employee-Management-Portal] [main] o.s.t.web.servlet.TestDispatcherServlet  : Completed initialization in 1 ms
2024-06-16T00:08:59.772+05:30  INFO 14968 --- [Employee-Management-Portal] [main] c.e.E.M.P.c.AdminControllerTest          : Started AdminControllerTest in 0.933 seconds (process running for 14.06)
2024-06-16T00:08:59.789+05:30  INFO 14968 --- [Employee-Management-Portal] [main] c.e.E.M.P.controller.AdminController     : Started get filtered users controller
2024-06-16T00:08:59.790+05:30  INFO 14968 --- [Employee-Management-Portal] [main] c.e.E.M.P.controller.AdminController     : Ended get filtered users controller
2024-06-16T00:08:59.815+05:30  INFO 14968 --- [Employee-Management-Portal] [main] c.e.E.M.P.controller.AdminController     : Started unassign project controller
2024-06-16T00:08:59.816+05:30  INFO 14968 --- [Employee-Management-Portal] [main] c.e.E.M.P.controller.AdminController     : Ended unassign project controller
2024-06-16T00:08:59.824+05:30  INFO 14968 --- [Employee-Management-Portal] [main] c.e.E.M.P.controller.AdminController     : Started get all managers controller
2024-06-16T00:08:59.824+05:30  INFO 14968 --- [Employee-Management-Portal] [main] c.e.E.M.P.controller.AdminController     : Ended get all managers controller
2024-06-16T00:08:59.903+05:30  INFO 14968 --- [Employee-Management-Portal] [main] c.e.E.M.P.controller.AdminController     : Started add user controller
2024-06-16T00:08:59.903+05:30  INFO 14968 --- [Employee-Management-Portal] [main] c.e.E.M.P.controller.AdminController     : Ended add user controller
2024-06-16T00:08:59.910+05:30  INFO 14968 --- [Employee-Management-Portal] [main] c.e.E.M.P.controller.AdminController     : Started update user controller
2024-06-16T00:08:59.911+05:30  INFO 14968 --- [Employee-Management-Portal] [main] c.e.E.M.P.controller.AdminController     : Ended update user controller
2024-06-16T00:08:59.919+05:30  INFO 14968 --- [Employee-Management-Portal] [main] c.e.E.M.P.controller.AdminController     : Started get all managers info controller
2024-06-16T00:08:59.924+05:30  INFO 14968 --- [Employee-Management-Portal] [main] c.e.E.M.P.controller.AdminController     : Ended get all managers info controller
2024-06-16T00:08:59.932+05:30  INFO 14968 --- [Employee-Management-Portal] [main] c.e.E.M.P.controller.AdminController     : Started get userDetails controller
2024-06-16T00:08:59.932+05:30  INFO 14968 --- [Employee-Management-Portal] [main] c.e.E.M.P.controller.AdminController     : Ended get userDetails controller
2024-06-16T00:08:59.936+05:30  INFO 14968 --- [Employee-Management-Portal] [main] c.e.E.M.P.controller.AdminController     : Started get userDetails controller
2024-06-16T00:08:59.936+05:30  INFO 14968 --- [Employee-Management-Portal] [main] c.e.E.M.P.controller.AdminController     : Ended get userDetails controller
2024-06-16T00:08:59.943+05:30  INFO 14968 --- [Employee-Management-Portal] [main] c.e.E.M.P.controller.AdminController     : Started get employee skill controller
2024-06-16T00:08:59.944+05:30  INFO 14968 --- [Employee-Management-Portal] [main] c.e.E.M.P.controller.AdminController     : Ended get employee skill controller
2024-06-16T00:08:59.958+05:30  INFO 14968 --- [Employee-Management-Portal] [main] c.e.E.M.P.controller.AdminController     : Started assign project controller
2024-06-16T00:08:59.958+05:30  INFO 14968 --- [Employee-Management-Portal] [main] c.e.E.M.P.controller.AdminController     : Ended assign project controller
2024-06-16T00:08:59.966+05:30  INFO 14968 --- [Employee-Management-Portal] [main] c.e.E.M.P.controller.AdminController     : Started get all projects by manager id controller
2024-06-16T00:08:59.967+05:30  INFO 14968 --- [Employee-Management-Portal] [main] c.e.E.M.P.controller.AdminController     : Ended get all projects by manager id controller
2024-06-16T00:08:59.975+05:30  INFO 14968 --- [Employee-Management-Portal] [main] c.e.E.M.P.controller.AdminController     : Started get all skills controller
2024-06-16T00:08:59.977+05:30  INFO 14968 --- [Employee-Management-Portal] [main] c.e.E.M.P.controller.AdminController     : Started get all skills controller
2024-06-16T00:08:59.984+05:30  INFO 14968 --- [Employee-Management-Portal] [main] c.e.E.M.P.controller.AdminController     : Started get all projects for assign controller
2024-06-16T00:08:59.984+05:30  INFO 14968 --- [Employee-Management-Portal] [main] c.e.E.M.P.controller.AdminController     : Ended get all projects for assign controller
2024-06-16T00:08:59.993+05:30  INFO 14968 --- [Employee-Management-Portal] [main] c.e.E.M.P.controller.AdminController     : Started add project controller
2024-06-16T00:08:59.993+05:30  INFO 14968 --- [Employee-Management-Portal] [main] c.e.E.M.P.controller.AdminController     : Ended add project controller
2024-06-16T00:09:00.000+05:30  INFO 14968 --- [Employee-Management-Portal] [main] c.e.E.M.P.controller.AdminController     : Started get all employees controller
2024-06-16T00:09:00.001+05:30  INFO 14968 --- [Employee-Management-Portal] [main] c.e.E.M.P.controller.AdminController     : Ended get all employees controller
2024-06-16T00:09:00.010+05:30  INFO 14968 --- [Employee-Management-Portal] [main] c.e.E.M.P.controller.AdminController     : Started get all employees and managers controller
2024-06-16T00:09:00.010+05:30  INFO 14968 --- [Employee-Management-Portal] [main] c.e.E.M.P.controller.AdminController     : Ended get all employees and managers controller
2024-06-16T00:09:00.021+05:30  INFO 14968 --- [Employee-Management-Portal] [main] c.e.E.M.P.controller.AdminController     : Started delete employee controller
2024-06-16T00:09:00.022+05:30  INFO 14968 --- [Employee-Management-Portal] [main] c.e.E.M.P.controller.AdminController     : Ended delete employee controller
2024-06-16T00:09:00.030+05:30  INFO 14968 --- [Employee-Management-Portal] [main] c.e.E.M.P.controller.AdminController     : Started get all projects controller
2024-06-16T00:09:00.031+05:30  INFO 14968 --- [Employee-Management-Portal] [main] c.e.E.M.P.controller.AdminController     : Ended get all projects controller
2024-06-16T00:09:00.036+05:30  INFO 14968 --- [Employee-Management-Portal] [main] t.c.s.AnnotationConfigContextLoaderUtils : Could not detect default configuration classes for test class [com.employee.Employee.Management.Portal.controller.AuthControllerTest]: AuthControllerTest does not declare any static, non-private, non-final, nested classes annotated with @Configuration.
2024-06-16T00:09:00.038+05:30  INFO 14968 --- [Employee-Management-Portal] [main] .b.t.c.SpringBootTestContextBootstrapper : Found @SpringBootConfiguration com.employee.Employee.Management.Portal.EmployeeManagementPortalApplication for test class com.employee.Employee.Management.Portal.controller.AuthControllerTest
2024-06-16T00:09:00.041+05:30  INFO 14968 --- [Employee-Management-Portal] [main] o.s.b.d.r.RestartApplicationListener     : Restart disabled due to context in which it is running
2024-06-16T00:09:00.073+05:30  INFO 14968 --- [Employee-Management-Portal] [main] c.e.E.M.P.controller.AuthControllerTest  : Starting AuthControllerTest using Java 17.0.10 with PID 14968 (started by LEGION in C:\Users\LEGION\Desktop\github_final\Capastone_Project_Employee_Management_Portal\Employee-Management-Portal)
2024-06-16T00:09:00.073+05:30  INFO 14968 --- [Employee-Management-Portal] [main] c.e.E.M.P.controller.AuthControllerTest  : No active profile set, falling back to 1 default profile: "default"
2024-06-16T00:09:00.270+05:30  INFO 14968 --- [Employee-Management-Portal] [main] .s.d.r.c.RepositoryConfigurationDelegate : Bootstrapping Spring Data JPA repositories in DEFAULT mode.
2024-06-16T00:09:00.286+05:30  INFO 14968 --- [Employee-Management-Portal] [main] .s.d.r.c.RepositoryConfigurationDelegate : Finished Spring Data repository scanning in 15 ms. Found 4 JPA repository interfaces.
2024-06-16T00:09:00.434+05:30  INFO 14968 --- [Employee-Management-Portal] [main] o.hibernate.jpa.internal.util.LogHelper  : HHH000204: Processing PersistenceUnitInfo [name: default]
2024-06-16T00:09:00.438+05:30  INFO 14968 --- [Employee-Management-Portal] [main] o.h.c.internal.RegionFactoryInitiator    : HHH000026: Second-level cache disabled
2024-06-16T00:09:00.444+05:30  INFO 14968 --- [Employee-Management-Portal] [main] o.s.o.j.p.SpringPersistenceUnitInfo      : No LoadTimeWeaver setup: ignoring JPA class transformer
2024-06-16T00:09:00.445+05:30  INFO 14968 --- [Employee-Management-Portal] [main] com.zaxxer.hikari.HikariDataSource       : HikariPool-3 - Starting...
2024-06-16T00:09:00.495+05:30  INFO 14968 --- [Employee-Management-Portal] [main] com.zaxxer.hikari.pool.HikariPool        : HikariPool-3 - Added connection org.postgresql.jdbc.PgConnection@2771657a
2024-06-16T00:09:00.496+05:30  INFO 14968 --- [Employee-Management-Portal] [main] com.zaxxer.hikari.HikariDataSource       : HikariPool-3 - Start completed.
2024-06-16T00:09:00.628+05:30  INFO 14968 --- [Employee-Management-Portal] [main] o.h.e.t.j.p.i.JtaPlatformInitiator       : HHH000489: No JTA platform available (set 'hibernate.transaction.jta.platform' to enable JTA platform integration)
2024-06-16T00:09:00.722+05:30  INFO 14968 --- [Employee-Management-Portal] [main] j.LocalContainerEntityManagerFactoryBean : Initialized JPA EntityManagerFactory for persistence unit 'default'
2024-06-16T00:09:00.776+05:30  WARN 14968 --- [Employee-Management-Portal] [main] JpaBaseConfiguration$JpaWebConfiguration : spring.jpa.open-in-view is enabled by default. Therefore, database queries may be performed during view rendering. Explicitly configure spring.jpa.open-in-view to disable this warning
2024-06-16T00:09:00.846+05:30  INFO 14968 --- [Employee-Management-Portal] [main] o.s.s.web.DefaultSecurityFilterChain     : Will secure any request with [org.springframework.security.web.session.DisableEncodeUrlFilter@c2b2b92, org.springframework.security.web.context.request.async.WebAsyncManagerIntegrationFilter@36e73413, org.springframework.security.web.context.SecurityContextHolderFilter@9215bfb, org.springframework.security.web.header.HeaderWriterFilter@30ba29cf, org.springframework.web.filter.CorsFilter@3f14897, org.springframework.security.web.authentication.logout.LogoutFilter@1235086c, com.employee.Employee.Management.Portal.config.JwtTokenValidator@1b96f15e, org.springframework.security.web.savedrequest.RequestCacheAwareFilter@48e2b4b7, org.springframework.security.web.servletapi.SecurityContextHolderAwareRequestFilter@29770835, org.springframework.security.web.authentication.AnonymousAuthenticationFilter@4eb42e05, org.springframework.security.web.session.SessionManagementFilter@552da55b, org.springframework.security.web.access.ExceptionTranslationFilter@5762dc14, org.springframework.security.web.access.intercept.AuthorizationFilter@5e88cef1]
2024-06-16T00:09:00.912+05:30  INFO 14968 --- [Employee-Management-Portal] [main] o.s.b.t.m.w.SpringBootMockServletContext : Initializing Spring TestDispatcherServlet ''
2024-06-16T00:09:00.912+05:30  INFO 14968 --- [Employee-Management-Portal] [main] o.s.t.web.servlet.TestDispatcherServlet  : Initializing Servlet ''
2024-06-16T00:09:00.912+05:30  INFO 14968 --- [Employee-Management-Portal] [main] o.s.t.web.servlet.TestDispatcherServlet  : Completed initialization in 0 ms
2024-06-16T00:09:00.919+05:30  INFO 14968 --- [Employee-Management-Portal] [main] c.e.E.M.P.controller.AuthControllerTest  : Started AuthControllerTest in 0.878 seconds (process running for 15.207)
2024-06-16T00:09:01.166+05:30  INFO 14968 --- [Employee-Management-Portal] [SpringApplicationShutdownHook] j.LocalContainerEntityManagerFactoryBean : Closing JPA EntityManagerFactory for persistence unit 'default'
2024-06-16T00:09:01.169+05:30  INFO 14968 --- [Employee-Management-Portal] [SpringApplicationShutdownHook] com.zaxxer.hikari.HikariDataSource       : HikariPool-1 - Shutdown initiated...
2024-06-16T00:09:01.174+05:30  INFO 14968 --- [Employee-Management-Portal] [SpringApplicationShutdownHook] com.zaxxer.hikari.HikariDataSource       : HikariPool-1 - Shutdown completed.
2024-06-16T00:09:01.180+05:30  INFO 14968 --- [Employee-Management-Portal] [SpringApplicationShutdownHook] j.LocalContainerEntityManagerFactoryBean : Closing JPA EntityManagerFactory for persistence unit 'default'
2024-06-16T00:09:01.181+05:30  INFO 14968 --- [Employee-Management-Portal] [SpringApplicationShutdownHook] com.zaxxer.hikari.HikariDataSource       : HikariPool-2 - Shutdown initiated...
2024-06-16T00:09:01.184+05:30  INFO 14968 --- [Employee-Management-Portal] [SpringApplicationShutdownHook] com.zaxxer.hikari.HikariDataSource       : HikariPool-2 - Shutdown completed.
2024-06-16T00:09:01.187+05:30  INFO 14968 --- [Employee-Management-Portal] [SpringApplicationShutdownHook] j.LocalContainerEntityManagerFactoryBean : Closing JPA EntityManagerFactory for persistence unit 'default'
2024-06-16T00:09:01.189+05:30  INFO 14968 --- [Employee-Management-Portal] [SpringApplicationShutdownHook] com.zaxxer.hikari.HikariDataSource       : HikariPool-3 - Shutdown initiated...
2024-06-16T00:09:01.192+05:30  INFO 14968 --- [Employee-Management-Portal] [SpringApplicationShutdownHook] com.zaxxer.hikari.HikariDataSource       : HikariPool-3 - Shutdown completed.
2024-06-16T00:18:40.561+05:30  INFO 25660 --- [Employee-Management-Portal] [main] c.e.E.M.P.c.AdminControllerTest          : Starting AdminControllerTest using Java 17.0.10 with PID 25660 (started by LEGION in C:\Users\LEGION\Desktop\github_final\Capastone_Project_Employee_Management_Portal\Employee-Management-Portal)
2024-06-16T00:18:40.565+05:30  INFO 25660 --- [Employee-Management-Portal] [main] c.e.E.M.P.c.AdminControllerTest          : No active profile set, falling back to 1 default profile: "default"
2024-06-16T00:18:42.377+05:30  INFO 25660 --- [Employee-Management-Portal] [main] .s.d.r.c.RepositoryConfigurationDelegate : Bootstrapping Spring Data JPA repositories in DEFAULT mode.
2024-06-16T00:18:42.585+05:30  INFO 25660 --- [Employee-Management-Portal] [main] .s.d.r.c.RepositoryConfigurationDelegate : Finished Spring Data repository scanning in 185 ms. Found 4 JPA repository interfaces.
2024-06-16T00:18:44.326+05:30  INFO 25660 --- [Employee-Management-Portal] [main] o.hibernate.jpa.internal.util.LogHelper  : HHH000204: Processing PersistenceUnitInfo [name: default]
2024-06-16T00:18:44.561+05:30  INFO 25660 --- [Employee-Management-Portal] [main] org.hibernate.Version                    : HHH000412: Hibernate ORM core version 6.4.4.Final
2024-06-16T00:18:44.691+05:30  INFO 25660 --- [Employee-Management-Portal] [main] o.h.c.internal.RegionFactoryInitiator    : HHH000026: Second-level cache disabled
2024-06-16T00:18:45.183+05:30  INFO 25660 --- [Employee-Management-Portal] [main] o.s.o.j.p.SpringPersistenceUnitInfo      : No LoadTimeWeaver setup: ignoring JPA class transformer
2024-06-16T00:18:45.290+05:30  INFO 25660 --- [Employee-Management-Portal] [main] com.zaxxer.hikari.HikariDataSource       : HikariPool-1 - Starting...
2024-06-16T00:18:45.742+05:30  INFO 25660 --- [Employee-Management-Portal] [main] com.zaxxer.hikari.pool.HikariPool        : HikariPool-1 - Added connection org.postgresql.jdbc.PgConnection@4b6ce5b6
2024-06-16T00:18:45.748+05:30  INFO 25660 --- [Employee-Management-Portal] [main] com.zaxxer.hikari.HikariDataSource       : HikariPool-1 - Start completed.
2024-06-16T00:18:48.612+05:30  INFO 25660 --- [Employee-Management-Portal] [main] o.h.e.t.j.p.i.JtaPlatformInitiator       : HHH000489: No JTA platform available (set 'hibernate.transaction.jta.platform' to enable JTA platform integration)
2024-06-16T00:18:48.824+05:30  INFO 25660 --- [Employee-Management-Portal] [main] j.LocalContainerEntityManagerFactoryBean : Initialized JPA EntityManagerFactory for persistence unit 'default'
2024-06-16T00:18:49.748+05:30  WARN 25660 --- [Employee-Management-Portal] [main] JpaBaseConfiguration$JpaWebConfiguration : spring.jpa.open-in-view is enabled by default. Therefore, database queries may be performed during view rendering. Explicitly configure spring.jpa.open-in-view to disable this warning
2024-06-16T00:18:50.508+05:30  INFO 25660 --- [Employee-Management-Portal] [main] o.s.s.web.DefaultSecurityFilterChain     : Will secure any request with [org.springframework.security.web.session.DisableEncodeUrlFilter@fc74fa5, org.springframework.security.web.context.request.async.WebAsyncManagerIntegrationFilter@626a7259, org.springframework.security.web.context.SecurityContextHolderFilter@b287b20, org.springframework.security.web.header.HeaderWriterFilter@63c8a64d, org.springframework.web.filter.CorsFilter@7aab927b, org.springframework.security.web.authentication.logout.LogoutFilter@a5ef815, com.employee.Employee.Management.Portal.config.JwtTokenValidator@5ec52444, org.springframework.security.web.savedrequest.RequestCacheAwareFilter@36662ddb, org.springframework.security.web.servletapi.SecurityContextHolderAwareRequestFilter@6a2f88fa, org.springframework.security.web.authentication.AnonymousAuthenticationFilter@6bcaf25e, org.springframework.security.web.session.SessionManagementFilter@3725c8ce, org.springframework.security.web.access.ExceptionTranslationFilter@7f559f0c, org.springframework.security.web.access.intercept.AuthorizationFilter@50a7ace8]
2024-06-16T00:18:51.330+05:30  INFO 25660 --- [Employee-Management-Portal] [main] o.s.b.t.m.w.SpringBootMockServletContext : Initializing Spring TestDispatcherServlet ''
2024-06-16T00:18:51.331+05:30  INFO 25660 --- [Employee-Management-Portal] [main] o.s.t.web.servlet.TestDispatcherServlet  : Initializing Servlet ''
2024-06-16T00:18:51.333+05:30  INFO 25660 --- [Employee-Management-Portal] [main] o.s.t.web.servlet.TestDispatcherServlet  : Completed initialization in 2 ms
2024-06-16T00:18:51.370+05:30  INFO 25660 --- [Employee-Management-Portal] [main] c.e.E.M.P.c.AdminControllerTest          : Started AdminControllerTest in 11.649 seconds (process running for 20.664)
2024-06-16T00:18:51.632+05:30  INFO 25660 --- [Employee-Management-Portal] [main] c.e.E.M.P.controller.AdminController     : Started get filtered users controller
2024-06-16T00:18:51.633+05:30  INFO 25660 --- [Employee-Management-Portal] [main] c.e.E.M.P.controller.AdminController     : Ended get filtered users controller
2024-06-16T00:18:51.820+05:30  INFO 25660 --- [Employee-Management-Portal] [main] c.e.E.M.P.controller.AdminController     : Started unassign project controller
2024-06-16T00:18:51.821+05:30  INFO 25660 --- [Employee-Management-Portal] [main] c.e.E.M.P.controller.AdminController     : Ended unassign project controller
2024-06-16T00:18:51.836+05:30  INFO 25660 --- [Employee-Management-Portal] [main] c.e.E.M.P.controller.AdminController     : Started get all managers controller
2024-06-16T00:18:51.836+05:30  INFO 25660 --- [Employee-Management-Portal] [main] c.e.E.M.P.controller.AdminController     : Ended get all managers controller
2024-06-16T00:18:51.996+05:30  INFO 25660 --- [Employee-Management-Portal] [main] c.e.E.M.P.controller.AdminController     : Started add user controller
2024-06-16T00:18:51.997+05:30  INFO 25660 --- [Employee-Management-Portal] [main] c.e.E.M.P.controller.AdminController     : Ended add user controller
2024-06-16T00:18:52.010+05:30  INFO 25660 --- [Employee-Management-Portal] [main] c.e.E.M.P.controller.AdminController     : Started update user controller
2024-06-16T00:18:52.027+05:30  INFO 25660 --- [Employee-Management-Portal] [main] c.e.E.M.P.controller.AdminController     : Ended update user controller
2024-06-16T00:18:52.039+05:30  INFO 25660 --- [Employee-Management-Portal] [main] c.e.E.M.P.controller.AdminController     : Started get all managers info controller
2024-06-16T00:18:52.040+05:30  INFO 25660 --- [Employee-Management-Portal] [main] c.e.E.M.P.controller.AdminController     : Ended get all managers info controller
2024-06-16T00:18:52.055+05:30  INFO 25660 --- [Employee-Management-Portal] [main] c.e.E.M.P.controller.AdminController     : Started get userDetails controller
2024-06-16T00:18:52.056+05:30  INFO 25660 --- [Employee-Management-Portal] [main] c.e.E.M.P.controller.AdminController     : Ended get userDetails controller
2024-06-16T00:18:52.064+05:30  INFO 25660 --- [Employee-Management-Portal] [main] c.e.E.M.P.controller.AdminController     : Started get userDetails controller
2024-06-16T00:18:52.064+05:30  INFO 25660 --- [Employee-Management-Portal] [main] c.e.E.M.P.controller.AdminController     : Ended get userDetails controller
2024-06-16T00:18:52.079+05:30  INFO 25660 --- [Employee-Management-Portal] [main] c.e.E.M.P.controller.AdminController     : Started get employee skill controller
2024-06-16T00:18:52.080+05:30  INFO 25660 --- [Employee-Management-Portal] [main] c.e.E.M.P.controller.AdminController     : Ended get employee skill controller
2024-06-16T00:18:52.105+05:30  INFO 25660 --- [Employee-Management-Portal] [main] c.e.E.M.P.controller.AdminController     : Started assign project controller
2024-06-16T00:18:52.106+05:30  INFO 25660 --- [Employee-Management-Portal] [main] c.e.E.M.P.controller.AdminController     : Ended assign project controller
2024-06-16T00:18:52.121+05:30  INFO 25660 --- [Employee-Management-Portal] [main] c.e.E.M.P.controller.AdminController     : Started get all projects by manager id controller
2024-06-16T00:18:52.122+05:30  INFO 25660 --- [Employee-Management-Portal] [main] c.e.E.M.P.controller.AdminController     : Ended get all projects by manager id controller
2024-06-16T00:18:52.135+05:30  INFO 25660 --- [Employee-Management-Portal] [main] c.e.E.M.P.controller.AdminController     : Started get all skills controller
2024-06-16T00:18:52.139+05:30  INFO 25660 --- [Employee-Management-Portal] [main] c.e.E.M.P.controller.AdminController     : Started get all skills controller
2024-06-16T00:18:52.153+05:30  INFO 25660 --- [Employee-Management-Portal] [main] c.e.E.M.P.controller.AdminController     : Started get all projects for assign controller
2024-06-16T00:18:52.154+05:30  INFO 25660 --- [Employee-Management-Portal] [main] c.e.E.M.P.controller.AdminController     : Ended get all projects for assign controller
2024-06-16T00:18:52.172+05:30  INFO 25660 --- [Employee-Management-Portal] [main] c.e.E.M.P.controller.AdminController     : Started add project controller
2024-06-16T00:18:52.173+05:30  INFO 25660 --- [Employee-Management-Portal] [main] c.e.E.M.P.controller.AdminController     : Ended add project controller
2024-06-16T00:18:52.183+05:30  INFO 25660 --- [Employee-Management-Portal] [main] c.e.E.M.P.controller.AdminController     : Started get all employees controller
2024-06-16T00:18:52.184+05:30  INFO 25660 --- [Employee-Management-Portal] [main] c.e.E.M.P.controller.AdminController     : Ended get all employees controller
2024-06-16T00:18:52.195+05:30  INFO 25660 --- [Employee-Management-Portal] [main] c.e.E.M.P.controller.AdminController     : Started get all employees and managers controller
2024-06-16T00:18:52.195+05:30  INFO 25660 --- [Employee-Management-Portal] [main] c.e.E.M.P.controller.AdminController     : Ended get all employees and managers controller
2024-06-16T00:18:52.204+05:30  INFO 25660 --- [Employee-Management-Portal] [main] c.e.E.M.P.controller.AdminController     : Started delete employee controller
2024-06-16T00:18:52.204+05:30  INFO 25660 --- [Employee-Management-Portal] [main] c.e.E.M.P.controller.AdminController     : Ended delete employee controller
2024-06-16T00:18:52.214+05:30  INFO 25660 --- [Employee-Management-Portal] [main] c.e.E.M.P.controller.AdminController     : Started get all projects controller
2024-06-16T00:18:52.215+05:30  INFO 25660 --- [Employee-Management-Portal] [main] c.e.E.M.P.controller.AdminController     : Ended get all projects controller
2024-06-16T00:18:52.238+05:30  INFO 25660 --- [Employee-Management-Portal] [main] t.c.s.AnnotationConfigContextLoaderUtils : Could not detect default configuration classes for test class [com.employee.Employee.Management.Portal.controller.AuthControllerTest]: AuthControllerTest does not declare any static, non-private, non-final, nested classes annotated with @Configuration.
2024-06-16T00:18:52.258+05:30  INFO 25660 --- [Employee-Management-Portal] [main] .b.t.c.SpringBootTestContextBootstrapper : Found @SpringBootConfiguration com.employee.Employee.Management.Portal.EmployeeManagementPortalApplication for test class com.employee.Employee.Management.Portal.controller.AuthControllerTest
2024-06-16T00:18:52.271+05:30  INFO 25660 --- [Employee-Management-Portal] [main] o.s.b.d.r.RestartApplicationListener     : Restart disabled due to context in which it is running
2024-06-16T00:18:52.411+05:30  INFO 25660 --- [Employee-Management-Portal] [main] c.e.E.M.P.controller.AuthControllerTest  : Starting AuthControllerTest using Java 17.0.10 with PID 25660 (started by LEGION in C:\Users\LEGION\Desktop\github_final\Capastone_Project_Employee_Management_Portal\Employee-Management-Portal)
2024-06-16T00:18:52.412+05:30  INFO 25660 --- [Employee-Management-Portal] [main] c.e.E.M.P.controller.AuthControllerTest  : No active profile set, falling back to 1 default profile: "default"
2024-06-16T00:18:52.890+05:30  INFO 25660 --- [Employee-Management-Portal] [main] .s.d.r.c.RepositoryConfigurationDelegate : Bootstrapping Spring Data JPA repositories in DEFAULT mode.
2024-06-16T00:18:52.931+05:30  INFO 25660 --- [Employee-Management-Portal] [main] .s.d.r.c.RepositoryConfigurationDelegate : Finished Spring Data repository scanning in 39 ms. Found 4 JPA repository interfaces.
2024-06-16T00:18:53.366+05:30  INFO 25660 --- [Employee-Management-Portal] [main] o.hibernate.jpa.internal.util.LogHelper  : HHH000204: Processing PersistenceUnitInfo [name: default]
2024-06-16T00:18:53.370+05:30  INFO 25660 --- [Employee-Management-Portal] [main] o.h.c.internal.RegionFactoryInitiator    : HHH000026: Second-level cache disabled
2024-06-16T00:18:53.376+05:30  INFO 25660 --- [Employee-Management-Portal] [main] o.s.o.j.p.SpringPersistenceUnitInfo      : No LoadTimeWeaver setup: ignoring JPA class transformer
2024-06-16T00:18:53.377+05:30  INFO 25660 --- [Employee-Management-Portal] [main] com.zaxxer.hikari.HikariDataSource       : HikariPool-2 - Starting...
2024-06-16T00:18:53.454+05:30  INFO 25660 --- [Employee-Management-Portal] [main] com.zaxxer.hikari.pool.HikariPool        : HikariPool-2 - Added connection org.postgresql.jdbc.PgConnection@28e009a5
2024-06-16T00:18:53.454+05:30  INFO 25660 --- [Employee-Management-Portal] [main] com.zaxxer.hikari.HikariDataSource       : HikariPool-2 - Start completed.
2024-06-16T00:18:53.637+05:30  INFO 25660 --- [Employee-Management-Portal] [main] o.h.e.t.j.p.i.JtaPlatformInitiator       : HHH000489: No JTA platform available (set 'hibernate.transaction.jta.platform' to enable JTA platform integration)
2024-06-16T00:18:53.769+05:30  INFO 25660 --- [Employee-Management-Portal] [main] j.LocalContainerEntityManagerFactoryBean : Initialized JPA EntityManagerFactory for persistence unit 'default'
2024-06-16T00:18:53.941+05:30  WARN 25660 --- [Employee-Management-Portal] [main] JpaBaseConfiguration$JpaWebConfiguration : spring.jpa.open-in-view is enabled by default. Therefore, database queries may be performed during view rendering. Explicitly configure spring.jpa.open-in-view to disable this warning
2024-06-16T00:18:54.132+05:30  INFO 25660 --- [Employee-Management-Portal] [main] o.s.s.web.DefaultSecurityFilterChain     : Will secure any request with [org.springframework.security.web.session.DisableEncodeUrlFilter@12c6ba1e, org.springframework.security.web.context.request.async.WebAsyncManagerIntegrationFilter@3d467538, org.springframework.security.web.context.SecurityContextHolderFilter@41a252d0, org.springframework.security.web.header.HeaderWriterFilter@2b03f234, org.springframework.web.filter.CorsFilter@78af7e21, org.springframework.security.web.authentication.logout.LogoutFilter@53bf821c, com.employee.Employee.Management.Portal.config.JwtTokenValidator@414cef88, org.springframework.security.web.savedrequest.RequestCacheAwareFilter@65a6c44e, org.springframework.security.web.servletapi.SecurityContextHolderAwareRequestFilter@5100089c, org.springframework.security.web.authentication.AnonymousAuthenticationFilter@667dabf5, org.springframework.security.web.session.SessionManagementFilter@6bf75fc6, org.springframework.security.web.access.ExceptionTranslationFilter@4d40e84, org.springframework.security.web.access.intercept.AuthorizationFilter@517d14e8]
2024-06-16T00:18:54.317+05:30  INFO 25660 --- [Employee-Management-Portal] [main] o.s.b.t.m.w.SpringBootMockServletContext : Initializing Spring TestDispatcherServlet ''
2024-06-16T00:18:54.317+05:30  INFO 25660 --- [Employee-Management-Portal] [main] o.s.t.web.servlet.TestDispatcherServlet  : Initializing Servlet ''
2024-06-16T00:18:54.319+05:30  INFO 25660 --- [Employee-Management-Portal] [main] o.s.t.web.servlet.TestDispatcherServlet  : Completed initialization in 2 ms
2024-06-16T00:18:54.335+05:30  INFO 25660 --- [Employee-Management-Portal] [main] c.e.E.M.P.controller.AuthControllerTest  : Started AuthControllerTest in 2.065 seconds (process running for 23.629)
2024-06-16T00:18:54.633+05:30  INFO 25660 --- [Employee-Management-Portal] [main] o.s.mock.web.MockServletContext          : Initializing Spring TestDispatcherServlet ''
2024-06-16T00:18:54.633+05:30  INFO 25660 --- [Employee-Management-Portal] [main] o.s.t.web.servlet.TestDispatcherServlet  : Initializing Servlet ''
2024-06-16T00:18:54.633+05:30  INFO 25660 --- [Employee-Management-Portal] [main] o.s.t.web.servlet.TestDispatcherServlet  : Completed initialization in 0 ms
2024-06-16T00:18:54.635+05:30  INFO 25660 --- [Employee-Management-Portal] [main] c.e.E.M.P.controller.EmployeeController  : Started get employee by email controller
2024-06-16T00:18:54.636+05:30  INFO 25660 --- [Employee-Management-Portal] [main] c.e.E.M.P.controller.EmployeeController  : Ended get employee by email controller
2024-06-16T00:18:54.691+05:30  INFO 25660 --- [Employee-Management-Portal] [main] o.s.mock.web.MockServletContext          : Initializing Spring TestDispatcherServlet ''
2024-06-16T00:18:54.691+05:30  INFO 25660 --- [Employee-Management-Portal] [main] o.s.t.web.servlet.TestDispatcherServlet  : Initializing Servlet ''
2024-06-16T00:18:54.692+05:30  INFO 25660 --- [Employee-Management-Portal] [main] o.s.t.web.servlet.TestDispatcherServlet  : Completed initialization in 0 ms
2024-06-16T00:18:54.697+05:30  INFO 25660 --- [Employee-Management-Portal] [main] c.e.E.M.P.controller.EmployeeController  : Started update skills of employee controller
2024-06-16T00:18:54.698+05:30  INFO 25660 --- [Employee-Management-Portal] [main] c.e.E.M.P.controller.EmployeeController  : Ended update skills of employee controller
2024-06-16T00:18:54.719+05:30  INFO 25660 --- [Employee-Management-Portal] [main] o.s.mock.web.MockServletContext          : Initializing Spring TestDispatcherServlet ''
2024-06-16T00:18:54.720+05:30  INFO 25660 --- [Employee-Management-Portal] [main] o.s.t.web.servlet.TestDispatcherServlet  : Initializing Servlet ''
2024-06-16T00:18:54.720+05:30  INFO 25660 --- [Employee-Management-Portal] [main] o.s.t.web.servlet.TestDispatcherServlet  : Completed initialization in 0 ms
2024-06-16T00:18:54.726+05:30  INFO 25660 --- [Employee-Management-Portal] [main] c.e.E.M.P.controller.EmployeeController  : Started update skills of employee controller
2024-06-16T00:18:54.726+05:30  INFO 25660 --- [Employee-Management-Portal] [main] c.e.E.M.P.controller.EmployeeController  : Ended update skills of employee controller
2024-06-16T00:18:54.747+05:30  INFO 25660 --- [Employee-Management-Portal] [main] o.s.mock.web.MockServletContext          : Initializing Spring TestDispatcherServlet ''
2024-06-16T00:18:54.747+05:30  INFO 25660 --- [Employee-Management-Portal] [main] o.s.t.web.servlet.TestDispatcherServlet  : Initializing Servlet ''
2024-06-16T00:18:54.748+05:30  INFO 25660 --- [Employee-Management-Portal] [main] o.s.t.web.servlet.TestDispatcherServlet  : Completed initialization in 0 ms
2024-06-16T00:18:54.756+05:30  INFO 25660 --- [Employee-Management-Portal] [main] c.e.E.M.P.controller.EmployeeController  : Started update password controller
2024-06-16T00:18:54.757+05:30  INFO 25660 --- [Employee-Management-Portal] [main] c.e.E.M.P.controller.EmployeeController  : Ended update password controller
2024-06-16T00:18:54.782+05:30  INFO 25660 --- [Employee-Management-Portal] [main] o.s.mock.web.MockServletContext          : Initializing Spring TestDispatcherServlet ''
2024-06-16T00:18:54.783+05:30  INFO 25660 --- [Employee-Management-Portal] [main] o.s.t.web.servlet.TestDispatcherServlet  : Initializing Servlet ''
2024-06-16T00:18:54.783+05:30  INFO 25660 --- [Employee-Management-Portal] [main] o.s.t.web.servlet.TestDispatcherServlet  : Completed initialization in 0 ms
2024-06-16T00:18:54.792+05:30  INFO 25660 --- [Employee-Management-Portal] [main] c.e.E.M.P.controller.RegisterController  : Started register controller
2024-06-16T00:18:54.793+05:30  INFO 25660 --- [Employee-Management-Portal] [main] c.e.E.M.P.controller.RegisterController  : Ended register controller
2024-06-16T00:18:54.892+05:30  INFO 25660 --- [Employee-Management-Portal] [main] o.s.mock.web.MockServletContext          : Initializing Spring TestDispatcherServlet ''
2024-06-16T00:18:54.892+05:30  INFO 25660 --- [Employee-Management-Portal] [main] o.s.t.web.servlet.TestDispatcherServlet  : Initializing Servlet ''
2024-06-16T00:18:54.893+05:30  INFO 25660 --- [Employee-Management-Portal] [main] o.s.t.web.servlet.TestDispatcherServlet  : Completed initialization in 0 ms
2024-06-16T00:18:54.896+05:30  INFO 25660 --- [Employee-Management-Portal] [main] c.e.E.M.P.controller.ResourceController  : Started create request resource controller
2024-06-16T00:18:54.897+05:30  INFO 25660 --- [Employee-Management-Portal] [main] c.e.E.M.P.controller.ResourceController  : Ended create request resource controller
2024-06-16T00:18:54.914+05:30  INFO 25660 --- [Employee-Management-Portal] [main] o.s.mock.web.MockServletContext          : Initializing Spring TestDispatcherServlet ''
2024-06-16T00:18:54.914+05:30  INFO 25660 --- [Employee-Management-Portal] [main] o.s.t.web.servlet.TestDispatcherServlet  : Initializing Servlet ''
2024-06-16T00:18:54.914+05:30  INFO 25660 --- [Employee-Management-Portal] [main] o.s.t.web.servlet.TestDispatcherServlet  : Completed initialization in 0 ms
2024-06-16T00:18:54.915+05:30  INFO 25660 --- [Employee-Management-Portal] [main] c.e.E.M.P.controller.ResourceController  : Started get all resource requests controller
2024-06-16T00:18:54.915+05:30  INFO 25660 --- [Employee-Management-Portal] [main] c.e.E.M.P.controller.ResourceController  : Ended get all resource requests controller
2024-06-16T00:18:54.935+05:30  INFO 25660 --- [Employee-Management-Portal] [main] o.s.mock.web.MockServletContext          : Initializing Spring TestDispatcherServlet ''
2024-06-16T00:18:54.936+05:30  INFO 25660 --- [Employee-Management-Portal] [main] o.s.t.web.servlet.TestDispatcherServlet  : Initializing Servlet ''
2024-06-16T00:18:54.936+05:30  INFO 25660 --- [Employee-Management-Portal] [main] o.s.t.web.servlet.TestDispatcherServlet  : Completed initialization in 0 ms
2024-06-16T00:18:54.939+05:30  INFO 25660 --- [Employee-Management-Portal] [main] c.e.E.M.P.controller.ResourceController  : Started is requested controller
2024-06-16T00:18:54.940+05:30  INFO 25660 --- [Employee-Management-Portal] [main] c.e.E.M.P.controller.ResourceController  : Ended is requested controller
2024-06-16T00:18:54.959+05:30  INFO 25660 --- [Employee-Management-Portal] [main] o.s.mock.web.MockServletContext          : Initializing Spring TestDispatcherServlet ''
2024-06-16T00:18:54.959+05:30  INFO 25660 --- [Employee-Management-Portal] [main] o.s.t.web.servlet.TestDispatcherServlet  : Initializing Servlet ''
2024-06-16T00:18:54.960+05:30  INFO 25660 --- [Employee-Management-Portal] [main] o.s.t.web.servlet.TestDispatcherServlet  : Completed initialization in 0 ms
2024-06-16T00:18:54.962+05:30  INFO 25660 --- [Employee-Management-Portal] [main] c.e.E.M.P.controller.ResourceController  : Started get all by manager email controller
2024-06-16T00:18:54.962+05:30  INFO 25660 --- [Employee-Management-Portal] [main] c.e.E.M.P.controller.ResourceController  : Ended get all by manager email controller
2024-06-16T00:18:54.979+05:30  INFO 25660 --- [Employee-Management-Portal] [main] o.s.mock.web.MockServletContext          : Initializing Spring TestDispatcherServlet ''
2024-06-16T00:18:54.979+05:30  INFO 25660 --- [Employee-Management-Portal] [main] o.s.t.web.servlet.TestDispatcherServlet  : Initializing Servlet ''
2024-06-16T00:18:54.979+05:30  INFO 25660 --- [Employee-Management-Portal] [main] o.s.t.web.servlet.TestDispatcherServlet  : Completed initialization in 0 ms
2024-06-16T00:18:54.980+05:30  INFO 25660 --- [Employee-Management-Portal] [main] c.e.E.M.P.controller.ResourceController  : Started get all by manager email controller
2024-06-16T00:18:54.980+05:30  INFO 25660 --- [Employee-Management-Portal] [main] c.e.E.M.P.controller.ResourceController  : Ended get all by manager email controller
2024-06-16T00:18:54.999+05:30  INFO 25660 --- [Employee-Management-Portal] [main] o.s.mock.web.MockServletContext          : Initializing Spring TestDispatcherServlet ''
2024-06-16T00:18:55.000+05:30  INFO 25660 --- [Employee-Management-Portal] [main] o.s.t.web.servlet.TestDispatcherServlet  : Initializing Servlet ''
2024-06-16T00:18:55.000+05:30  INFO 25660 --- [Employee-Management-Portal] [main] o.s.t.web.servlet.TestDispatcherServlet  : Completed initialization in 0 ms
2024-06-16T00:18:55.003+05:30  INFO 25660 --- [Employee-Management-Portal] [main] c.e.E.M.P.controller.ResourceController  : Started is requested controller
2024-06-16T00:18:55.003+05:30  INFO 25660 --- [Employee-Management-Portal] [main] c.e.E.M.P.controller.ResourceController  : Ended is requested controller
2024-06-16T00:18:55.018+05:30  INFO 25660 --- [Employee-Management-Portal] [main] o.s.mock.web.MockServletContext          : Initializing Spring TestDispatcherServlet ''
2024-06-16T00:18:55.018+05:30  INFO 25660 --- [Employee-Management-Portal] [main] o.s.t.web.servlet.TestDispatcherServlet  : Initializing Servlet ''
2024-06-16T00:18:55.019+05:30  INFO 25660 --- [Employee-Management-Portal] [main] o.s.t.web.servlet.TestDispatcherServlet  : Completed initialization in 1 ms
2024-06-16T00:18:55.020+05:30  INFO 25660 --- [Employee-Management-Portal] [main] c.e.E.M.P.controller.ResourceController  : Started reject resource request controller
2024-06-16T00:18:55.020+05:30  INFO 25660 --- [Employee-Management-Portal] [main] c.e.E.M.P.controller.ResourceController  : Ended reject resource request controller
2024-06-16T00:18:55.037+05:30  INFO 25660 --- [Employee-Management-Portal] [main] o.s.mock.web.MockServletContext          : Initializing Spring TestDispatcherServlet ''
2024-06-16T00:18:55.037+05:30  INFO 25660 --- [Employee-Management-Portal] [main] o.s.t.web.servlet.TestDispatcherServlet  : Initializing Servlet ''
2024-06-16T00:18:55.037+05:30  INFO 25660 --- [Employee-Management-Portal] [main] o.s.t.web.servlet.TestDispatcherServlet  : Completed initialization in 0 ms
2024-06-16T00:18:55.039+05:30  INFO 25660 --- [Employee-Management-Portal] [main] c.e.E.M.P.controller.ResourceController  : Started accept request controller
2024-06-16T00:18:55.040+05:30  INFO 25660 --- [Employee-Management-Portal] [main] c.e.E.M.P.controller.ResourceController  : Ended accept request controller
2024-06-16T00:18:55.764+05:30  INFO 25660 --- [Employee-Management-Portal] [main] t.c.s.AnnotationConfigContextLoaderUtils : Could not detect default configuration classes for test class [com.employee.Employee.Management.Portal.EmployeeManagementPortalApplicationTests]: EmployeeManagementPortalApplicationTests does not declare any static, non-private, non-final, nested classes annotated with @Configuration.
2024-06-16T00:18:55.784+05:30  INFO 25660 --- [Employee-Management-Portal] [main] .b.t.c.SpringBootTestContextBootstrapper : Found @SpringBootConfiguration com.employee.Employee.Management.Portal.EmployeeManagementPortalApplication for test class com.employee.Employee.Management.Portal.EmployeeManagementPortalApplicationTests
2024-06-16T00:18:55.794+05:30  INFO 25660 --- [Employee-Management-Portal] [main] o.s.b.d.r.RestartApplicationListener     : Restart disabled due to context in which it is running
2024-06-16T00:18:55.888+05:30  INFO 25660 --- [Employee-Management-Portal] [main] EmployeeManagementPortalApplicationTests : Starting EmployeeManagementPortalApplicationTests using Java 17.0.10 with PID 25660 (started by LEGION in C:\Users\LEGION\Desktop\github_final\Capastone_Project_Employee_Management_Portal\Employee-Management-Portal)
2024-06-16T00:18:55.889+05:30  INFO 25660 --- [Employee-Management-Portal] [main] EmployeeManagementPortalApplicationTests : No active profile set, falling back to 1 default profile: "default"
2024-06-16T00:18:56.462+05:30  INFO 25660 --- [Employee-Management-Portal] [main] .s.d.r.c.RepositoryConfigurationDelegate : Bootstrapping Spring Data JPA repositories in DEFAULT mode.
2024-06-16T00:18:56.493+05:30  INFO 25660 --- [Employee-Management-Portal] [main] .s.d.r.c.RepositoryConfigurationDelegate : Finished Spring Data repository scanning in 31 ms. Found 4 JPA repository interfaces.
2024-06-16T00:18:56.689+05:30  INFO 25660 --- [Employee-Management-Portal] [main] o.hibernate.jpa.internal.util.LogHelper  : HHH000204: Processing PersistenceUnitInfo [name: default]
2024-06-16T00:18:56.699+05:30  INFO 25660 --- [Employee-Management-Portal] [main] o.h.c.internal.RegionFactoryInitiator    : HHH000026: Second-level cache disabled
2024-06-16T00:18:56.709+05:30  INFO 25660 --- [Employee-Management-Portal] [main] o.s.o.j.p.SpringPersistenceUnitInfo      : No LoadTimeWeaver setup: ignoring JPA class transformer
2024-06-16T00:18:56.712+05:30  INFO 25660 --- [Employee-Management-Portal] [main] com.zaxxer.hikari.HikariDataSource       : HikariPool-3 - Starting...
2024-06-16T00:18:56.784+05:30  INFO 25660 --- [Employee-Management-Portal] [main] com.zaxxer.hikari.pool.HikariPool        : HikariPool-3 - Added connection org.postgresql.jdbc.PgConnection@1ee379e0
2024-06-16T00:18:56.785+05:30  INFO 25660 --- [Employee-Management-Portal] [main] com.zaxxer.hikari.HikariDataSource       : HikariPool-3 - Start completed.
2024-06-16T00:18:57.016+05:30  INFO 25660 --- [Employee-Management-Portal] [main] o.h.e.t.j.p.i.JtaPlatformInitiator       : HHH000489: No JTA platform available (set 'hibernate.transaction.jta.platform' to enable JTA platform integration)
2024-06-16T00:18:57.149+05:30  INFO 25660 --- [Employee-Management-Portal] [main] j.LocalContainerEntityManagerFactoryBean : Initialized JPA EntityManagerFactory for persistence unit 'default'
2024-06-16T00:18:57.292+05:30  WARN 25660 --- [Employee-Management-Portal] [main] JpaBaseConfiguration$JpaWebConfiguration : spring.jpa.open-in-view is enabled by default. Therefore, database queries may be performed during view rendering. Explicitly configure spring.jpa.open-in-view to disable this warning
2024-06-16T00:18:57.413+05:30  INFO 25660 --- [Employee-Management-Portal] [main] o.s.s.web.DefaultSecurityFilterChain     : Will secure any request with [org.springframework.security.web.session.DisableEncodeUrlFilter@341ce4d9, org.springframework.security.web.context.request.async.WebAsyncManagerIntegrationFilter@2b2f3983, org.springframework.security.web.context.SecurityContextHolderFilter@20c24fbc, org.springframework.security.web.header.HeaderWriterFilter@2b42d68b, org.springframework.web.filter.CorsFilter@3a9d80d, org.springframework.security.web.authentication.logout.LogoutFilter@179107ae, com.employee.Employee.Management.Portal.config.JwtTokenValidator@1e019892, org.springframework.security.web.savedrequest.RequestCacheAwareFilter@21e81471, org.springframework.security.web.servletapi.SecurityContextHolderAwareRequestFilter@1ca37849, org.springframework.security.web.authentication.AnonymousAuthenticationFilter@4de89da7, org.springframework.security.web.session.SessionManagementFilter@5b7862d, org.springframework.security.web.access.ExceptionTranslationFilter@564afc21, org.springframework.security.web.access.intercept.AuthorizationFilter@715d9d0f]
2024-06-16T00:18:57.581+05:30  INFO 25660 --- [Employee-Management-Portal] [main] o.s.b.t.m.w.SpringBootMockServletContext : Initializing Spring TestDispatcherServlet ''
2024-06-16T00:18:57.582+05:30  INFO 25660 --- [Employee-Management-Portal] [main] o.s.t.web.servlet.TestDispatcherServlet  : Initializing Servlet ''
2024-06-16T00:18:57.583+05:30  INFO 25660 --- [Employee-Management-Portal] [main] o.s.t.web.servlet.TestDispatcherServlet  : Completed initialization in 1 ms
2024-06-16T00:18:57.613+05:30  INFO 25660 --- [Employee-Management-Portal] [main] EmployeeManagementPortalApplicationTests : Started EmployeeManagementPortalApplicationTests in 1.819 seconds (process running for 26.906)
2024-06-16T00:18:58.951+05:30  INFO 25660 --- [Employee-Management-Portal] [SpringApplicationShutdownHook] j.LocalContainerEntityManagerFactoryBean : Closing JPA EntityManagerFactory for persistence unit 'default'
2024-06-16T00:18:58.958+05:30  INFO 25660 --- [Employee-Management-Portal] [SpringApplicationShutdownHook] com.zaxxer.hikari.HikariDataSource       : HikariPool-1 - Shutdown initiated...
2024-06-16T00:18:58.980+05:30  INFO 25660 --- [Employee-Management-Portal] [SpringApplicationShutdownHook] com.zaxxer.hikari.HikariDataSource       : HikariPool-1 - Shutdown completed.
2024-06-16T00:18:58.992+05:30  INFO 25660 --- [Employee-Management-Portal] [SpringApplicationShutdownHook] j.LocalContainerEntityManagerFactoryBean : Closing JPA EntityManagerFactory for persistence unit 'default'
2024-06-16T00:18:58.993+05:30  INFO 25660 --- [Employee-Management-Portal] [SpringApplicationShutdownHook] com.zaxxer.hikari.HikariDataSource       : HikariPool-2 - Shutdown initiated...
2024-06-16T00:18:59.014+05:30  INFO 25660 --- [Employee-Management-Portal] [SpringApplicationShutdownHook] com.zaxxer.hikari.HikariDataSource       : HikariPool-2 - Shutdown completed.
2024-06-16T00:18:59.018+05:30  INFO 25660 --- [Employee-Management-Portal] [SpringApplicationShutdownHook] j.LocalContainerEntityManagerFactoryBean : Closing JPA EntityManagerFactory for persistence unit 'default'
2024-06-16T00:18:59.019+05:30  INFO 25660 --- [Employee-Management-Portal] [SpringApplicationShutdownHook] com.zaxxer.hikari.HikariDataSource       : HikariPool-3 - Shutdown initiated...
2024-06-16T00:18:59.036+05:30  INFO 25660 --- [Employee-Management-Portal] [SpringApplicationShutdownHook] com.zaxxer.hikari.HikariDataSource       : HikariPool-3 - Shutdown completed.
2024-06-16T00:20:59.542+05:30  INFO 17348 --- [Employee-Management-Portal] [main] c.e.E.M.P.c.AdminControllerTest          : Starting AdminControllerTest using Java 17.0.10 with PID 17348 (started by LEGION in C:\Users\LEGION\Desktop\github_final\Capastone_Project_Employee_Management_Portal\Employee-Management-Portal)
2024-06-16T00:20:59.547+05:30  INFO 17348 --- [Employee-Management-Portal] [main] c.e.E.M.P.c.AdminControllerTest          : No active profile set, falling back to 1 default profile: "default"
2024-06-16T00:21:00.802+05:30  INFO 17348 --- [Employee-Management-Portal] [main] .s.d.r.c.RepositoryConfigurationDelegate : Bootstrapping Spring Data JPA repositories in DEFAULT mode.
2024-06-16T00:21:00.935+05:30  INFO 17348 --- [Employee-Management-Portal] [main] .s.d.r.c.RepositoryConfigurationDelegate : Finished Spring Data repository scanning in 120 ms. Found 4 JPA repository interfaces.
2024-06-16T00:21:02.138+05:30  INFO 17348 --- [Employee-Management-Portal] [main] o.hibernate.jpa.internal.util.LogHelper  : HHH000204: Processing PersistenceUnitInfo [name: default]
2024-06-16T00:21:02.278+05:30  INFO 17348 --- [Employee-Management-Portal] [main] org.hibernate.Version                    : HHH000412: Hibernate ORM core version 6.4.4.Final
2024-06-16T00:21:02.366+05:30  INFO 17348 --- [Employee-Management-Portal] [main] o.h.c.internal.RegionFactoryInitiator    : HHH000026: Second-level cache disabled
2024-06-16T00:21:02.631+05:30  INFO 17348 --- [Employee-Management-Portal] [main] o.s.o.j.p.SpringPersistenceUnitInfo      : No LoadTimeWeaver setup: ignoring JPA class transformer
2024-06-16T00:21:02.715+05:30  INFO 17348 --- [Employee-Management-Portal] [main] com.zaxxer.hikari.HikariDataSource       : HikariPool-1 - Starting...
2024-06-16T00:21:03.070+05:30  INFO 17348 --- [Employee-Management-Portal] [main] com.zaxxer.hikari.pool.HikariPool        : HikariPool-1 - Added connection org.postgresql.jdbc.PgConnection@733e1e36
2024-06-16T00:21:03.074+05:30  INFO 17348 --- [Employee-Management-Portal] [main] com.zaxxer.hikari.HikariDataSource       : HikariPool-1 - Start completed.
2024-06-16T00:21:05.355+05:30  INFO 17348 --- [Employee-Management-Portal] [main] o.h.e.t.j.p.i.JtaPlatformInitiator       : HHH000489: No JTA platform available (set 'hibernate.transaction.jta.platform' to enable JTA platform integration)
2024-06-16T00:21:05.512+05:30  INFO 17348 --- [Employee-Management-Portal] [main] j.LocalContainerEntityManagerFactoryBean : Initialized JPA EntityManagerFactory for persistence unit 'default'
2024-06-16T00:21:06.226+05:30  WARN 17348 --- [Employee-Management-Portal] [main] JpaBaseConfiguration$JpaWebConfiguration : spring.jpa.open-in-view is enabled by default. Therefore, database queries may be performed during view rendering. Explicitly configure spring.jpa.open-in-view to disable this warning
2024-06-16T00:21:06.844+05:30  INFO 17348 --- [Employee-Management-Portal] [main] o.s.s.web.DefaultSecurityFilterChain     : Will secure any request with [org.springframework.security.web.session.DisableEncodeUrlFilter@563b9bc6, org.springframework.security.web.context.request.async.WebAsyncManagerIntegrationFilter@390b0862, org.springframework.security.web.context.SecurityContextHolderFilter@407c9ee8, org.springframework.security.web.header.HeaderWriterFilter@6ee48aa9, org.springframework.web.filter.CorsFilter@368f3392, org.springframework.security.web.authentication.logout.LogoutFilter@59eb250b, com.employee.Employee.Management.Portal.config.JwtTokenValidator@721b5e52, org.springframework.security.web.savedrequest.RequestCacheAwareFilter@25c5ec8c, org.springframework.security.web.servletapi.SecurityContextHolderAwareRequestFilter@a7ce15d, org.springframework.security.web.authentication.AnonymousAuthenticationFilter@78740e7c, org.springframework.security.web.session.SessionManagementFilter@bf9d0e, org.springframework.security.web.access.ExceptionTranslationFilter@20fc59c2, org.springframework.security.web.access.intercept.AuthorizationFilter@382aeea5]
2024-06-16T00:21:07.397+05:30  INFO 17348 --- [Employee-Management-Portal] [main] o.s.b.t.m.w.SpringBootMockServletContext : Initializing Spring TestDispatcherServlet ''
2024-06-16T00:21:07.398+05:30  INFO 17348 --- [Employee-Management-Portal] [main] o.s.t.web.servlet.TestDispatcherServlet  : Initializing Servlet ''
2024-06-16T00:21:07.399+05:30  INFO 17348 --- [Employee-Management-Portal] [main] o.s.t.web.servlet.TestDispatcherServlet  : Completed initialization in 1 ms
2024-06-16T00:21:07.431+05:30  INFO 17348 --- [Employee-Management-Portal] [main] c.e.E.M.P.c.AdminControllerTest          : Started AdminControllerTest in 8.6 seconds (process running for 15.199)
2024-06-16T00:21:07.667+05:30  INFO 17348 --- [Employee-Management-Portal] [main] c.e.E.M.P.controller.AdminController     : Started get filtered users controller
2024-06-16T00:21:07.667+05:30  INFO 17348 --- [Employee-Management-Portal] [main] c.e.E.M.P.controller.AdminController     : Ended get filtered users controller
2024-06-16T00:21:07.809+05:30  INFO 17348 --- [Employee-Management-Portal] [main] c.e.E.M.P.controller.AdminController     : Started unassign project controller
2024-06-16T00:21:07.810+05:30  INFO 17348 --- [Employee-Management-Portal] [main] c.e.E.M.P.controller.AdminController     : Ended unassign project controller
2024-06-16T00:21:07.820+05:30  INFO 17348 --- [Employee-Management-Portal] [main] c.e.E.M.P.controller.AdminController     : Started get all managers controller
2024-06-16T00:21:07.821+05:30  INFO 17348 --- [Employee-Management-Portal] [main] c.e.E.M.P.controller.AdminController     : Ended get all managers controller
2024-06-16T00:21:07.937+05:30  INFO 17348 --- [Employee-Management-Portal] [main] c.e.E.M.P.controller.AdminController     : Started add user controller
2024-06-16T00:21:07.938+05:30  INFO 17348 --- [Employee-Management-Portal] [main] c.e.E.M.P.controller.AdminController     : Ended add user controller
2024-06-16T00:21:07.952+05:30  INFO 17348 --- [Employee-Management-Portal] [main] c.e.E.M.P.controller.AdminController     : Started update user controller
2024-06-16T00:21:07.952+05:30  INFO 17348 --- [Employee-Management-Portal] [main] c.e.E.M.P.controller.AdminController     : Ended update user controller
2024-06-16T00:21:07.963+05:30  INFO 17348 --- [Employee-Management-Portal] [main] c.e.E.M.P.controller.AdminController     : Started get all managers info controller
2024-06-16T00:21:07.963+05:30  INFO 17348 --- [Employee-Management-Portal] [main] c.e.E.M.P.controller.AdminController     : Ended get all managers info controller
2024-06-16T00:21:07.972+05:30  INFO 17348 --- [Employee-Management-Portal] [main] c.e.E.M.P.controller.AdminController     : Started get userDetails controller
2024-06-16T00:21:07.973+05:30  INFO 17348 --- [Employee-Management-Portal] [main] c.e.E.M.P.controller.AdminController     : Ended get userDetails controller
2024-06-16T00:21:07.977+05:30  INFO 17348 --- [Employee-Management-Portal] [main] c.e.E.M.P.controller.AdminController     : Started get userDetails controller
2024-06-16T00:21:07.978+05:30  INFO 17348 --- [Employee-Management-Portal] [main] c.e.E.M.P.controller.AdminController     : Ended get userDetails controller
2024-06-16T00:21:07.986+05:30  INFO 17348 --- [Employee-Management-Portal] [main] c.e.E.M.P.controller.AdminController     : Started get employee skill controller
2024-06-16T00:21:07.987+05:30  INFO 17348 --- [Employee-Management-Portal] [main] c.e.E.M.P.controller.AdminController     : Ended get employee skill controller
2024-06-16T00:21:08.004+05:30  INFO 17348 --- [Employee-Management-Portal] [main] c.e.E.M.P.controller.AdminController     : Started assign project controller
2024-06-16T00:21:08.005+05:30  INFO 17348 --- [Employee-Management-Portal] [main] c.e.E.M.P.controller.AdminController     : Ended assign project controller
2024-06-16T00:21:08.013+05:30  INFO 17348 --- [Employee-Management-Portal] [main] c.e.E.M.P.controller.AdminController     : Started get all projects by manager id controller
2024-06-16T00:21:08.014+05:30  INFO 17348 --- [Employee-Management-Portal] [main] c.e.E.M.P.controller.AdminController     : Ended get all projects by manager id controller
2024-06-16T00:21:08.022+05:30  INFO 17348 --- [Employee-Management-Portal] [main] c.e.E.M.P.controller.AdminController     : Started get all skills controller
2024-06-16T00:21:08.025+05:30  INFO 17348 --- [Employee-Management-Portal] [main] c.e.E.M.P.controller.AdminController     : Started get all skills controller
2024-06-16T00:21:08.035+05:30  INFO 17348 --- [Employee-Management-Portal] [main] c.e.E.M.P.controller.AdminController     : Started get all projects for assign controller
2024-06-16T00:21:08.035+05:30  INFO 17348 --- [Employee-Management-Portal] [main] c.e.E.M.P.controller.AdminController     : Ended get all projects for assign controller
2024-06-16T00:21:08.048+05:30  INFO 17348 --- [Employee-Management-Portal] [main] c.e.E.M.P.controller.AdminController     : Started add project controller
2024-06-16T00:21:08.048+05:30  INFO 17348 --- [Employee-Management-Portal] [main] c.e.E.M.P.controller.AdminController     : Ended add project controller
2024-06-16T00:21:08.057+05:30  INFO 17348 --- [Employee-Management-Portal] [main] c.e.E.M.P.controller.AdminController     : Started get all employees controller
2024-06-16T00:21:08.057+05:30  INFO 17348 --- [Employee-Management-Portal] [main] c.e.E.M.P.controller.AdminController     : Ended get all employees controller
2024-06-16T00:21:08.064+05:30  INFO 17348 --- [Employee-Management-Portal] [main] c.e.E.M.P.controller.AdminController     : Started get all employees and managers controller
2024-06-16T00:21:08.065+05:30  INFO 17348 --- [Employee-Management-Portal] [main] c.e.E.M.P.controller.AdminController     : Ended get all employees and managers controller
2024-06-16T00:21:08.071+05:30  INFO 17348 --- [Employee-Management-Portal] [main] c.e.E.M.P.controller.AdminController     : Started delete employee controller
2024-06-16T00:21:08.071+05:30  INFO 17348 --- [Employee-Management-Portal] [main] c.e.E.M.P.controller.AdminController     : Ended delete employee controller
2024-06-16T00:21:08.079+05:30  INFO 17348 --- [Employee-Management-Portal] [main] c.e.E.M.P.controller.AdminController     : Started get all projects controller
2024-06-16T00:21:08.079+05:30  INFO 17348 --- [Employee-Management-Portal] [main] c.e.E.M.P.controller.AdminController     : Ended get all projects controller
2024-06-16T00:21:08.088+05:30  INFO 17348 --- [Employee-Management-Portal] [main] t.c.s.AnnotationConfigContextLoaderUtils : Could not detect default configuration classes for test class [com.employee.Employee.Management.Portal.controller.AuthControllerTest]: AuthControllerTest does not declare any static, non-private, non-final, nested classes annotated with @Configuration.
2024-06-16T00:21:08.095+05:30  INFO 17348 --- [Employee-Management-Portal] [main] .b.t.c.SpringBootTestContextBootstrapper : Found @SpringBootConfiguration com.employee.Employee.Management.Portal.EmployeeManagementPortalApplication for test class com.employee.Employee.Management.Portal.controller.AuthControllerTest
2024-06-16T00:21:08.099+05:30  INFO 17348 --- [Employee-Management-Portal] [main] o.s.b.d.r.RestartApplicationListener     : Restart disabled due to context in which it is running
2024-06-16T00:21:08.143+05:30  INFO 17348 --- [Employee-Management-Portal] [main] c.e.E.M.P.controller.AuthControllerTest  : Starting AuthControllerTest using Java 17.0.10 with PID 17348 (started by LEGION in C:\Users\LEGION\Desktop\github_final\Capastone_Project_Employee_Management_Portal\Employee-Management-Portal)
2024-06-16T00:21:08.144+05:30  INFO 17348 --- [Employee-Management-Portal] [main] c.e.E.M.P.controller.AuthControllerTest  : No active profile set, falling back to 1 default profile: "default"
2024-06-16T00:21:08.430+05:30  INFO 17348 --- [Employee-Management-Portal] [main] .s.d.r.c.RepositoryConfigurationDelegate : Bootstrapping Spring Data JPA repositories in DEFAULT mode.
2024-06-16T00:21:08.451+05:30  INFO 17348 --- [Employee-Management-Portal] [main] .s.d.r.c.RepositoryConfigurationDelegate : Finished Spring Data repository scanning in 20 ms. Found 4 JPA repository interfaces.
2024-06-16T00:21:08.690+05:30  INFO 17348 --- [Employee-Management-Portal] [main] o.hibernate.jpa.internal.util.LogHelper  : HHH000204: Processing PersistenceUnitInfo [name: default]
2024-06-16T00:21:08.693+05:30  INFO 17348 --- [Employee-Management-Portal] [main] o.h.c.internal.RegionFactoryInitiator    : HHH000026: Second-level cache disabled
2024-06-16T00:21:08.698+05:30  INFO 17348 --- [Employee-Management-Portal] [main] o.s.o.j.p.SpringPersistenceUnitInfo      : No LoadTimeWeaver setup: ignoring JPA class transformer
2024-06-16T00:21:08.699+05:30  INFO 17348 --- [Employee-Management-Portal] [main] com.zaxxer.hikari.HikariDataSource       : HikariPool-2 - Starting...
2024-06-16T00:21:08.754+05:30  INFO 17348 --- [Employee-Management-Portal] [main] com.zaxxer.hikari.pool.HikariPool        : HikariPool-2 - Added connection org.postgresql.jdbc.PgConnection@13420d32
2024-06-16T00:21:08.754+05:30  INFO 17348 --- [Employee-Management-Portal] [main] com.zaxxer.hikari.HikariDataSource       : HikariPool-2 - Start completed.
2024-06-16T00:21:08.886+05:30  INFO 17348 --- [Employee-Management-Portal] [main] o.h.e.t.j.p.i.JtaPlatformInitiator       : HHH000489: No JTA platform available (set 'hibernate.transaction.jta.platform' to enable JTA platform integration)
2024-06-16T00:21:08.976+05:30  INFO 17348 --- [Employee-Management-Portal] [main] j.LocalContainerEntityManagerFactoryBean : Initialized JPA EntityManagerFactory for persistence unit 'default'
2024-06-16T00:21:09.109+05:30  WARN 17348 --- [Employee-Management-Portal] [main] JpaBaseConfiguration$JpaWebConfiguration : spring.jpa.open-in-view is enabled by default. Therefore, database queries may be performed during view rendering. Explicitly configure spring.jpa.open-in-view to disable this warning
2024-06-16T00:21:09.218+05:30  INFO 17348 --- [Employee-Management-Portal] [main] o.s.s.web.DefaultSecurityFilterChain     : Will secure any request with [org.springframework.security.web.session.DisableEncodeUrlFilter@701695cb, org.springframework.security.web.context.request.async.WebAsyncManagerIntegrationFilter@2bca0ace, org.springframework.security.web.context.SecurityContextHolderFilter@4c1168bf, org.springframework.security.web.header.HeaderWriterFilter@4dca145f, org.springframework.web.filter.CorsFilter@5b4359, org.springframework.security.web.authentication.logout.LogoutFilter@43f31e91, com.employee.Employee.Management.Portal.config.JwtTokenValidator@5d24b9fd, org.springframework.security.web.savedrequest.RequestCacheAwareFilter@3705cc33, org.springframework.security.web.servletapi.SecurityContextHolderAwareRequestFilter@2a705e60, org.springframework.security.web.authentication.AnonymousAuthenticationFilter@1958d75f, org.springframework.security.web.session.SessionManagementFilter@3303a7a3, org.springframework.security.web.access.ExceptionTranslationFilter@12fd224c, org.springframework.security.web.access.intercept.AuthorizationFilter@72a5e0f7]
2024-06-16T00:21:09.341+05:30  INFO 17348 --- [Employee-Management-Portal] [main] o.s.b.t.m.w.SpringBootMockServletContext : Initializing Spring TestDispatcherServlet ''
2024-06-16T00:21:09.341+05:30  INFO 17348 --- [Employee-Management-Portal] [main] o.s.t.web.servlet.TestDispatcherServlet  : Initializing Servlet ''
2024-06-16T00:21:09.342+05:30  INFO 17348 --- [Employee-Management-Portal] [main] o.s.t.web.servlet.TestDispatcherServlet  : Completed initialization in 1 ms
2024-06-16T00:21:09.354+05:30  INFO 17348 --- [Employee-Management-Portal] [main] c.e.E.M.P.controller.AuthControllerTest  : Started AuthControllerTest in 1.255 seconds (process running for 17.122)
2024-06-16T00:21:09.536+05:30  INFO 17348 --- [Employee-Management-Portal] [main] o.s.mock.web.MockServletContext          : Initializing Spring TestDispatcherServlet ''
2024-06-16T00:21:09.536+05:30  INFO 17348 --- [Employee-Management-Portal] [main] o.s.t.web.servlet.TestDispatcherServlet  : Initializing Servlet ''
2024-06-16T00:21:09.536+05:30  INFO 17348 --- [Employee-Management-Portal] [main] o.s.t.web.servlet.TestDispatcherServlet  : Completed initialization in 0 ms
2024-06-16T00:21:09.537+05:30  INFO 17348 --- [Employee-Management-Portal] [main] c.e.E.M.P.controller.EmployeeController  : Started get employee by email controller
2024-06-16T00:21:09.537+05:30  INFO 17348 --- [Employee-Management-Portal] [main] c.e.E.M.P.controller.EmployeeController  : Ended get employee by email controller
2024-06-16T00:21:09.573+05:30  INFO 17348 --- [Employee-Management-Portal] [main] o.s.mock.web.MockServletContext          : Initializing Spring TestDispatcherServlet ''
2024-06-16T00:21:09.573+05:30  INFO 17348 --- [Employee-Management-Portal] [main] o.s.t.web.servlet.TestDispatcherServlet  : Initializing Servlet ''
2024-06-16T00:21:09.574+05:30  INFO 17348 --- [Employee-Management-Portal] [main] o.s.t.web.servlet.TestDispatcherServlet  : Completed initialization in 1 ms
2024-06-16T00:21:09.577+05:30  INFO 17348 --- [Employee-Management-Portal] [main] c.e.E.M.P.controller.EmployeeController  : Started update skills of employee controller
2024-06-16T00:21:09.577+05:30  INFO 17348 --- [Employee-Management-Portal] [main] c.e.E.M.P.controller.EmployeeController  : Ended update skills of employee controller
2024-06-16T00:21:09.586+05:30  INFO 17348 --- [Employee-Management-Portal] [main] o.s.mock.web.MockServletContext          : Initializing Spring TestDispatcherServlet ''
2024-06-16T00:21:09.587+05:30  INFO 17348 --- [Employee-Management-Portal] [main] o.s.t.web.servlet.TestDispatcherServlet  : Initializing Servlet ''
2024-06-16T00:21:09.587+05:30  INFO 17348 --- [Employee-Management-Portal] [main] o.s.t.web.servlet.TestDispatcherServlet  : Completed initialization in 0 ms
2024-06-16T00:21:09.589+05:30  INFO 17348 --- [Employee-Management-Portal] [main] c.e.E.M.P.controller.EmployeeController  : Started update skills of employee controller
2024-06-16T00:21:09.589+05:30  INFO 17348 --- [Employee-Management-Portal] [main] c.e.E.M.P.controller.EmployeeController  : Ended update skills of employee controller
2024-06-16T00:21:09.600+05:30  INFO 17348 --- [Employee-Management-Portal] [main] o.s.mock.web.MockServletContext          : Initializing Spring TestDispatcherServlet ''
2024-06-16T00:21:09.601+05:30  INFO 17348 --- [Employee-Management-Portal] [main] o.s.t.web.servlet.TestDispatcherServlet  : Initializing Servlet ''
2024-06-16T00:21:09.601+05:30  INFO 17348 --- [Employee-Management-Portal] [main] o.s.t.web.servlet.TestDispatcherServlet  : Completed initialization in 0 ms
2024-06-16T00:21:09.604+05:30  INFO 17348 --- [Employee-Management-Portal] [main] c.e.E.M.P.controller.EmployeeController  : Started update password controller
2024-06-16T00:21:09.604+05:30  INFO 17348 --- [Employee-Management-Portal] [main] c.e.E.M.P.controller.EmployeeController  : Ended update password controller
2024-06-16T00:21:09.617+05:30  INFO 17348 --- [Employee-Management-Portal] [main] o.s.mock.web.MockServletContext          : Initializing Spring TestDispatcherServlet ''
2024-06-16T00:21:09.617+05:30  INFO 17348 --- [Employee-Management-Portal] [main] o.s.t.web.servlet.TestDispatcherServlet  : Initializing Servlet ''
2024-06-16T00:21:09.617+05:30  INFO 17348 --- [Employee-Management-Portal] [main] o.s.t.web.servlet.TestDispatcherServlet  : Completed initialization in 0 ms
2024-06-16T00:21:09.620+05:30  INFO 17348 --- [Employee-Management-Portal] [main] c.e.E.M.P.controller.RegisterController  : Started register controller
2024-06-16T00:21:09.620+05:30  INFO 17348 --- [Employee-Management-Portal] [main] c.e.E.M.P.controller.RegisterController  : Ended register controller
2024-06-16T00:21:09.682+05:30  INFO 17348 --- [Employee-Management-Portal] [main] o.s.mock.web.MockServletContext          : Initializing Spring TestDispatcherServlet ''
2024-06-16T00:21:09.683+05:30  INFO 17348 --- [Employee-Management-Portal] [main] o.s.t.web.servlet.TestDispatcherServlet  : Initializing Servlet ''
2024-06-16T00:21:09.683+05:30  INFO 17348 --- [Employee-Management-Portal] [main] o.s.t.web.servlet.TestDispatcherServlet  : Completed initialization in 0 ms
2024-06-16T00:21:09.686+05:30  INFO 17348 --- [Employee-Management-Portal] [main] c.e.E.M.P.controller.ResourceController  : Started create request resource controller
2024-06-16T00:21:09.687+05:30  INFO 17348 --- [Employee-Management-Portal] [main] c.e.E.M.P.controller.ResourceController  : Ended create request resource controller
2024-06-16T00:21:09.701+05:30  INFO 17348 --- [Employee-Management-Portal] [main] o.s.mock.web.MockServletContext          : Initializing Spring TestDispatcherServlet ''
2024-06-16T00:21:09.702+05:30  INFO 17348 --- [Employee-Management-Portal] [main] o.s.t.web.servlet.TestDispatcherServlet  : Initializing Servlet ''
2024-06-16T00:21:09.702+05:30  INFO 17348 --- [Employee-Management-Portal] [main] o.s.t.web.servlet.TestDispatcherServlet  : Completed initialization in 0 ms
2024-06-16T00:21:09.703+05:30  INFO 17348 --- [Employee-Management-Portal] [main] c.e.E.M.P.controller.ResourceController  : Started get all resource requests controller
2024-06-16T00:21:09.703+05:30  INFO 17348 --- [Employee-Management-Portal] [main] c.e.E.M.P.controller.ResourceController  : Ended get all resource requests controller
2024-06-16T00:21:09.716+05:30  INFO 17348 --- [Employee-Management-Portal] [main] o.s.mock.web.MockServletContext          : Initializing Spring TestDispatcherServlet ''
2024-06-16T00:21:09.716+05:30  INFO 17348 --- [Employee-Management-Portal] [main] o.s.t.web.servlet.TestDispatcherServlet  : Initializing Servlet ''
2024-06-16T00:21:09.716+05:30  INFO 17348 --- [Employee-Management-Portal] [main] o.s.t.web.servlet.TestDispatcherServlet  : Completed initialization in 0 ms
2024-06-16T00:21:09.718+05:30  INFO 17348 --- [Employee-Management-Portal] [main] c.e.E.M.P.controller.ResourceController  : Started is requested controller
2024-06-16T00:21:09.719+05:30  INFO 17348 --- [Employee-Management-Portal] [main] c.e.E.M.P.controller.ResourceController  : Ended is requested controller
2024-06-16T00:21:09.733+05:30  INFO 17348 --- [Employee-Management-Portal] [main] o.s.mock.web.MockServletContext          : Initializing Spring TestDispatcherServlet ''
2024-06-16T00:21:09.734+05:30  INFO 17348 --- [Employee-Management-Portal] [main] o.s.t.web.servlet.TestDispatcherServlet  : Initializing Servlet ''
2024-06-16T00:21:09.734+05:30  INFO 17348 --- [Employee-Management-Portal] [main] o.s.t.web.servlet.TestDispatcherServlet  : Completed initialization in 0 ms
2024-06-16T00:21:09.735+05:30  INFO 17348 --- [Employee-Management-Portal] [main] c.e.E.M.P.controller.ResourceController  : Started get all by manager email controller
2024-06-16T00:21:09.735+05:30  INFO 17348 --- [Employee-Management-Portal] [main] c.e.E.M.P.controller.ResourceController  : Ended get all by manager email controller
2024-06-16T00:21:09.748+05:30  INFO 17348 --- [Employee-Management-Portal] [main] o.s.mock.web.MockServletContext          : Initializing Spring TestDispatcherServlet ''
2024-06-16T00:21:09.748+05:30  INFO 17348 --- [Employee-Management-Portal] [main] o.s.t.web.servlet.TestDispatcherServlet  : Initializing Servlet ''
2024-06-16T00:21:09.748+05:30  INFO 17348 --- [Employee-Management-Portal] [main] o.s.t.web.servlet.TestDispatcherServlet  : Completed initialization in 0 ms
2024-06-16T00:21:09.749+05:30  INFO 17348 --- [Employee-Management-Portal] [main] c.e.E.M.P.controller.ResourceController  : Started get all by manager email controller
2024-06-16T00:21:09.749+05:30  INFO 17348 --- [Employee-Management-Portal] [main] c.e.E.M.P.controller.ResourceController  : Ended get all by manager email controller
2024-06-16T00:21:09.762+05:30  INFO 17348 --- [Employee-Management-Portal] [main] o.s.mock.web.MockServletContext          : Initializing Spring TestDispatcherServlet ''
2024-06-16T00:21:09.762+05:30  INFO 17348 --- [Employee-Management-Portal] [main] o.s.t.web.servlet.TestDispatcherServlet  : Initializing Servlet ''
2024-06-16T00:21:09.762+05:30  INFO 17348 --- [Employee-Management-Portal] [main] o.s.t.web.servlet.TestDispatcherServlet  : Completed initialization in 0 ms
2024-06-16T00:21:09.764+05:30  INFO 17348 --- [Employee-Management-Portal] [main] c.e.E.M.P.controller.ResourceController  : Started is requested controller
2024-06-16T00:21:09.764+05:30  INFO 17348 --- [Employee-Management-Portal] [main] c.e.E.M.P.controller.ResourceController  : Ended is requested controller
2024-06-16T00:21:09.774+05:30  INFO 17348 --- [Employee-Management-Portal] [main] o.s.mock.web.MockServletContext          : Initializing Spring TestDispatcherServlet ''
2024-06-16T00:21:09.774+05:30  INFO 17348 --- [Employee-Management-Portal] [main] o.s.t.web.servlet.TestDispatcherServlet  : Initializing Servlet ''
2024-06-16T00:21:09.775+05:30  INFO 17348 --- [Employee-Management-Portal] [main] o.s.t.web.servlet.TestDispatcherServlet  : Completed initialization in 1 ms
2024-06-16T00:21:09.775+05:30  INFO 17348 --- [Employee-Management-Portal] [main] c.e.E.M.P.controller.ResourceController  : Started reject resource request controller
2024-06-16T00:21:09.776+05:30  INFO 17348 --- [Employee-Management-Portal] [main] c.e.E.M.P.controller.ResourceController  : Ended reject resource request controller
2024-06-16T00:21:09.786+05:30  INFO 17348 --- [Employee-Management-Portal] [main] o.s.mock.web.MockServletContext          : Initializing Spring TestDispatcherServlet ''
2024-06-16T00:21:09.786+05:30  INFO 17348 --- [Employee-Management-Portal] [main] o.s.t.web.servlet.TestDispatcherServlet  : Initializing Servlet ''
2024-06-16T00:21:09.787+05:30  INFO 17348 --- [Employee-Management-Portal] [main] o.s.t.web.servlet.TestDispatcherServlet  : Completed initialization in 0 ms
2024-06-16T00:21:09.788+05:30  INFO 17348 --- [Employee-Management-Portal] [main] c.e.E.M.P.controller.ResourceController  : Started accept request controller
2024-06-16T00:21:09.788+05:30  INFO 17348 --- [Employee-Management-Portal] [main] c.e.E.M.P.controller.ResourceController  : Ended accept request controller
2024-06-16T00:21:10.425+05:30  INFO 17348 --- [Employee-Management-Portal] [main] t.c.s.AnnotationConfigContextLoaderUtils : Could not detect default configuration classes for test class [com.employee.Employee.Management.Portal.EmployeeManagementPortalApplicationTests]: EmployeeManagementPortalApplicationTests does not declare any static, non-private, non-final, nested classes annotated with @Configuration.
2024-06-16T00:21:10.472+05:30  INFO 17348 --- [Employee-Management-Portal] [main] .b.t.c.SpringBootTestContextBootstrapper : Found @SpringBootConfiguration com.employee.Employee.Management.Portal.EmployeeManagementPortalApplication for test class com.employee.Employee.Management.Portal.EmployeeManagementPortalApplicationTests
2024-06-16T00:21:10.479+05:30  INFO 17348 --- [Employee-Management-Portal] [main] o.s.b.d.r.RestartApplicationListener     : Restart disabled due to context in which it is running
2024-06-16T00:21:10.539+05:30  INFO 17348 --- [Employee-Management-Portal] [main] EmployeeManagementPortalApplicationTests : Starting EmployeeManagementPortalApplicationTests using Java 17.0.10 with PID 17348 (started by LEGION in C:\Users\LEGION\Desktop\github_final\Capastone_Project_Employee_Management_Portal\Employee-Management-Portal)
2024-06-16T00:21:10.539+05:30  INFO 17348 --- [Employee-Management-Portal] [main] EmployeeManagementPortalApplicationTests : No active profile set, falling back to 1 default profile: "default"
2024-06-16T00:21:10.815+05:30  INFO 17348 --- [Employee-Management-Portal] [main] .s.d.r.c.RepositoryConfigurationDelegate : Bootstrapping Spring Data JPA repositories in DEFAULT mode.
2024-06-16T00:21:10.838+05:30  INFO 17348 --- [Employee-Management-Portal] [main] .s.d.r.c.RepositoryConfigurationDelegate : Finished Spring Data repository scanning in 23 ms. Found 4 JPA repository interfaces.
2024-06-16T00:21:10.916+05:30  INFO 17348 --- [Employee-Management-Portal] [main] o.hibernate.jpa.internal.util.LogHelper  : HHH000204: Processing PersistenceUnitInfo [name: default]
2024-06-16T00:21:10.919+05:30  INFO 17348 --- [Employee-Management-Portal] [main] o.h.c.internal.RegionFactoryInitiator    : HHH000026: Second-level cache disabled
2024-06-16T00:21:10.924+05:30  INFO 17348 --- [Employee-Management-Portal] [main] o.s.o.j.p.SpringPersistenceUnitInfo      : No LoadTimeWeaver setup: ignoring JPA class transformer
2024-06-16T00:21:10.925+05:30  INFO 17348 --- [Employee-Management-Portal] [main] com.zaxxer.hikari.HikariDataSource       : HikariPool-3 - Starting...
2024-06-16T00:21:10.966+05:30  INFO 17348 --- [Employee-Management-Portal] [main] com.zaxxer.hikari.pool.HikariPool        : HikariPool-3 - Added connection org.postgresql.jdbc.PgConnection@7b5be876
2024-06-16T00:21:10.967+05:30  INFO 17348 --- [Employee-Management-Portal] [main] com.zaxxer.hikari.HikariDataSource       : HikariPool-3 - Start completed.
2024-06-16T00:21:11.175+05:30  INFO 17348 --- [Employee-Management-Portal] [main] o.h.e.t.j.p.i.JtaPlatformInitiator       : HHH000489: No JTA platform available (set 'hibernate.transaction.jta.platform' to enable JTA platform integration)
2024-06-16T00:21:11.291+05:30  INFO 17348 --- [Employee-Management-Portal] [main] j.LocalContainerEntityManagerFactoryBean : Initialized JPA EntityManagerFactory for persistence unit 'default'
2024-06-16T00:21:11.443+05:30  WARN 17348 --- [Employee-Management-Portal] [main] JpaBaseConfiguration$JpaWebConfiguration : spring.jpa.open-in-view is enabled by default. Therefore, database queries may be performed during view rendering. Explicitly configure spring.jpa.open-in-view to disable this warning
2024-06-16T00:21:11.532+05:30  INFO 17348 --- [Employee-Management-Portal] [main] o.s.s.web.DefaultSecurityFilterChain     : Will secure any request with [org.springframework.security.web.session.DisableEncodeUrlFilter@31574a30, org.springframework.security.web.context.request.async.WebAsyncManagerIntegrationFilter@14da1b1e, org.springframework.security.web.context.SecurityContextHolderFilter@7102f3c1, org.springframework.security.web.header.HeaderWriterFilter@47211e93, org.springframework.web.filter.CorsFilter@3883760f, org.springframework.security.web.authentication.logout.LogoutFilter@3c93376b, com.employee.Employee.Management.Portal.config.JwtTokenValidator@2bc32eaa, org.springframework.security.web.savedrequest.RequestCacheAwareFilter@7a684ccd, org.springframework.security.web.servletapi.SecurityContextHolderAwareRequestFilter@35f20095, org.springframework.security.web.authentication.AnonymousAuthenticationFilter@20cef728, org.springframework.security.web.session.SessionManagementFilter@d3c490e, org.springframework.security.web.access.ExceptionTranslationFilter@1e62b07c, org.springframework.security.web.access.intercept.AuthorizationFilter@21f654a9]
2024-06-16T00:21:11.653+05:30  INFO 17348 --- [Employee-Management-Portal] [main] o.s.b.t.m.w.SpringBootMockServletContext : Initializing Spring TestDispatcherServlet ''
2024-06-16T00:21:11.653+05:30  INFO 17348 --- [Employee-Management-Portal] [main] o.s.t.web.servlet.TestDispatcherServlet  : Initializing Servlet ''
2024-06-16T00:21:11.654+05:30  INFO 17348 --- [Employee-Management-Portal] [main] o.s.t.web.servlet.TestDispatcherServlet  : Completed initialization in 1 ms
2024-06-16T00:21:11.666+05:30  INFO 17348 --- [Employee-Management-Portal] [main] EmployeeManagementPortalApplicationTests : Started EmployeeManagementPortalApplicationTests in 1.189 seconds (process running for 19.434)
2024-06-16T00:21:12.390+05:30  INFO 17348 --- [Employee-Management-Portal] [SpringApplicationShutdownHook] j.LocalContainerEntityManagerFactoryBean : Closing JPA EntityManagerFactory for persistence unit 'default'
2024-06-16T00:21:12.393+05:30  INFO 17348 --- [Employee-Management-Portal] [SpringApplicationShutdownHook] com.zaxxer.hikari.HikariDataSource       : HikariPool-1 - Shutdown initiated...
2024-06-16T00:21:12.397+05:30  INFO 17348 --- [Employee-Management-Portal] [SpringApplicationShutdownHook] com.zaxxer.hikari.HikariDataSource       : HikariPool-1 - Shutdown completed.
2024-06-16T00:21:12.404+05:30  INFO 17348 --- [Employee-Management-Portal] [SpringApplicationShutdownHook] j.LocalContainerEntityManagerFactoryBean : Closing JPA EntityManagerFactory for persistence unit 'default'
2024-06-16T00:21:12.405+05:30  INFO 17348 --- [Employee-Management-Portal] [SpringApplicationShutdownHook] com.zaxxer.hikari.HikariDataSource       : HikariPool-2 - Shutdown initiated...
2024-06-16T00:21:12.408+05:30  INFO 17348 --- [Employee-Management-Portal] [SpringApplicationShutdownHook] com.zaxxer.hikari.HikariDataSource       : HikariPool-2 - Shutdown completed.
2024-06-16T00:21:12.413+05:30  INFO 17348 --- [Employee-Management-Portal] [SpringApplicationShutdownHook] j.LocalContainerEntityManagerFactoryBean : Closing JPA EntityManagerFactory for persistence unit 'default'
2024-06-16T00:21:12.413+05:30  INFO 17348 --- [Employee-Management-Portal] [SpringApplicationShutdownHook] com.zaxxer.hikari.HikariDataSource       : HikariPool-3 - Shutdown initiated...
2024-06-16T00:21:12.418+05:30  INFO 17348 --- [Employee-Management-Portal] [SpringApplicationShutdownHook] com.zaxxer.hikari.HikariDataSource       : HikariPool-3 - Shutdown completed.
